OPERATING SYSTEM IS: Linux
  file namelist_pisces copied from source directory
  file para*txt copied from source directory
Checking COMPILEAGRIF...
Checking COMPILEMPI...
Checking COMPILEXIOS...
Checking COMPILEOASIS...
Checking COMPILEOMP...
cpp -traditional -DLinux -P -I/usr/include -ICROCOFILES/AGRIF_INC mpc.F > mpc_.f
gfortran -O2 -mcmodel=medium -fdefault-real-8 -fdefault-double-8 -std=legacy  -o mpc mpc_.f
cpp -traditional -DLinux -P -I/usr/include -ICROCOFILES/AGRIF_INC cppcheck.F | ./mpc > cppcheck_.f
gfortran -c -O2 -mcmodel=medium -fdefault-real-8 -fdefault-double-8 -std=legacy cppcheck_.f -o cppcheck.o
gfortran -O2 -mcmodel=medium -fdefault-real-8 -fdefault-double-8 -std=legacy  -o cppcheck cppcheck.o
cat cppdefs.h cppdefs_dev.h > mergcpp.txt
./cppcheck

 This is CPPCHECK: Creating new version of check_switches1.F.

cpp -traditional -DLinux -P -I/usr/include -ICROCOFILES/AGRIF_INC checkkwds.F | ./mpc > checkkwds_.f
gfortran -c -O2 -mcmodel=medium -fdefault-real-8 -fdefault-double-8 -std=legacy checkkwds_.f -o checkkwds.o
gfortran -O2 -mcmodel=medium -fdefault-real-8 -fdefault-double-8 -std=legacy  -o checkkwds checkkwds.o
rm -f setup_kwds.F
./checkkwds

 This is CHECKKWDS: Creating new version of "setup_kwds.F".

cpp -traditional -DLinux -P -I/usr/include -ICROCOFILES/AGRIF_INC cross_matrix.F | ./mpc > cross_matrix_.f
gfortran -c -O2 -mcmodel=medium -fdefault-real-8 -fdefault-double-8 -std=legacy cross_matrix_.f -o cross_matrix.o
gfortran -O2 -mcmodel=medium -fdefault-real-8 -fdefault-double-8 -std=legacy  -o cross_matrix cross_matrix.o
./cross_matrix  *.F90 *.F

 This is CROSS_MATRIX: Creating new version of Make.depend.

cpp -traditional -DLinux -P -I/usr/include -ICROCOFILES/AGRIF_INC srcscheck.F | ./mpc > srcscheck_.f
gfortran -c -O2 -mcmodel=medium -fdefault-real-8 -fdefault-double-8 -std=legacy srcscheck_.f -o srcscheck.o
gfortran -O2 -mcmodel=medium -fdefault-real-8 -fdefault-double-8 -std=legacy  -o srcscheck srcscheck.o
rm -f check_srcs.F
cpp -traditional -DLinux -P -I/usr/include -ICROCOFILES/AGRIF_INC insert_node.F | ./mpc > insert_node_.f
gfortran -c -O2 -mcmodel=medium -fdefault-real-8 -fdefault-double-8 -std=legacy insert_node_.f -o insert_node.o
cpp -traditional -DLinux -P -I/usr/include -ICROCOFILES/AGRIF_INC lenstr.F | ./mpc > lenstr_.f
gfortran -c -O2 -mcmodel=medium -fdefault-real-8 -fdefault-double-8 -std=legacy lenstr_.f -o lenstr.o
cpp -traditional -DLinux -P -I/usr/include -ICROCOFILES/AGRIF_INC partit.F > partit._.f
gfortran -c -O2 -mcmodel=medium -fdefault-real-8 -fdefault-double-8 -std=legacy partit._.f -o partit.o
gfortran -O2 -mcmodel=medium -fdefault-real-8 -fdefault-double-8 -std=legacy  -o partit partit.o insert_node.o  lenstr.o -L/usr/lib/x86_64-linux-gnu -lnetcdff -Wl,-Bsymbolic-functions -flto=auto -ffat-lto-objects -flto=auto -Wl,-z,relro -Wl,-z,now -lnetcdf -lnetcdf -lm
cpp -traditional -DLinux -P -I/usr/include -ICROCOFILES/AGRIF_INC ncjoin.F | ./mpc  > ncjoin._.f
gfortran -c -O2 -mcmodel=medium -fdefault-real-8 -fdefault-double-8 -std=legacy ncjoin._.f -o ncjoin.o
gfortran -O2 -mcmodel=medium -fdefault-real-8 -fdefault-double-8 -std=legacy  -o ncjoin ncjoin.o lenstr.o -L/usr/lib/x86_64-linux-gnu -lnetcdff -Wl,-Bsymbolic-functions -flto=auto -ffat-lto-objects -flto=auto -Wl,-z,relro -Wl,-z,now -lnetcdf -lnetcdf -lm
cpp -traditional -DLinux -P -I/usr/include -ICROCOFILES/AGRIF_INC ncrename.F | ./mpc > ncrename._.f
gfortran -c -O2 -mcmodel=medium -fdefault-real-8 -fdefault-double-8 -std=legacy ncrename._.f -o ncrename.o
gfortran -O2 -mcmodel=medium -fdefault-real-8 -fdefault-double-8 -std=legacy  -o ncrename ncrename.o lenstr.o -L/usr/lib/x86_64-linux-gnu -lnetcdff -Wl,-Bsymbolic-functions -flto=auto -ffat-lto-objects -flto=auto -Wl,-z,relro -Wl,-z,now -lnetcdf -lnetcdf -lm
./cross_matrix  *.F90 *.F

 This is CROSS_MATRIX: Creating new version of Make.depend.

cpp -traditional -DLinux -P -I/usr/include -ICROCOFILES/AGRIF_INC par_pisces.F90 > par_pisces_.f90
gfortran -c -O2 -mcmodel=medium -fdefault-real-8 -fdefault-double-8 -std=legacy par_pisces_.f90 -o par_pisces.o
cpp -traditional -DLinux -P -I/usr/include -ICROCOFILES/AGRIF_INC param.F | ./mpc > param_.f
gfortran -c -O2 -mcmodel=medium -fdefault-real-8 -fdefault-double-8 -std=legacy param_.f -o param.o
cpp -traditional -DLinux -P -I/usr/include -ICROCOFILES/AGRIF_INC ncscrum.F | ./mpc > ncscrum_.f
gfortran -c -O2 -mcmodel=medium -fdefault-real-8 -fdefault-double-8 -std=legacy ncscrum_.f -o ncscrum.o
cpp -traditional -DLinux -P -I/usr/include -ICROCOFILES/AGRIF_INC scalars.F | ./mpc > scalars_.f
gfortran -c -O2 -mcmodel=medium -fdefault-real-8 -fdefault-double-8 -std=legacy scalars_.f -o scalars.o
cpp -traditional -DLinux -P -I/usr/include -ICROCOFILES/AGRIF_INC ocean2pisces.F90 > ocean2pisces_.f90
gfortran -c -O2 -mcmodel=medium -fdefault-real-8 -fdefault-double-8 -std=legacy ocean2pisces_.f90 -o ocean2pisces.o
cpp -traditional -DLinux -P -I/usr/include -ICROCOFILES/AGRIF_INC trc.F90 > trc_.f90
gfortran -c -O2 -mcmodel=medium -fdefault-real-8 -fdefault-double-8 -std=legacy trc_.f90 -o trc.o
cpp -traditional -DLinux -P -I/usr/include -ICROCOFILES/AGRIF_INC sms_pisces.F90 > sms_pisces_.f90
gfortran -c -O2 -mcmodel=medium -fdefault-real-8 -fdefault-double-8 -std=legacy sms_pisces_.f90 -o sms_pisces.o
cpp -traditional -DLinux -P -I/usr/include -ICROCOFILES/AGRIF_INC p4zche.F90 > p4zche_.f90
gfortran -c -O2 -mcmodel=medium -fdefault-real-8 -fdefault-double-8 -std=legacy p4zche_.f90 -o p4zche.o
cpp -traditional -DLinux -P -I/usr/include -ICROCOFILES/AGRIF_INC p4zint.F90 > p4zint_.f90
gfortran -c -O2 -mcmodel=medium -fdefault-real-8 -fdefault-double-8 -std=legacy p4zint_.f90 -o p4zint.o
cpp -traditional -DLinux -P -I/usr/include -ICROCOFILES/AGRIF_INC p4zlys.F90 > p4zlys_.f90
gfortran -c -O2 -mcmodel=medium -fdefault-real-8 -fdefault-double-8 -std=legacy p4zlys_.f90 -o p4zlys.o
cpp -traditional -DLinux -P -I/usr/include -ICROCOFILES/AGRIF_INC p4zflx.F90 > p4zflx_.f90
gfortran -c -O2 -mcmodel=medium -fdefault-real-8 -fdefault-double-8 -std=legacy p4zflx_.f90 -o p4zflx.o
cpp -traditional -DLinux -P -I/usr/include -ICROCOFILES/AGRIF_INC p4zlim.F90 > p4zlim_.f90
gfortran -c -O2 -mcmodel=medium -fdefault-real-8 -fdefault-double-8 -std=legacy p4zlim_.f90 -o p4zlim.o
cpp -traditional -DLinux -P -I/usr/include -ICROCOFILES/AGRIF_INC p4zsink.F90 > p4zsink_.f90
gfortran -c -O2 -mcmodel=medium -fdefault-real-8 -fdefault-double-8 -std=legacy p4zsink_.f90 -o p4zsink.o
cpp -traditional -DLinux -P -I/usr/include -ICROCOFILES/AGRIF_INC p4zprod.F90 > p4zprod_.f90
gfortran -c -O2 -mcmodel=medium -fdefault-real-8 -fdefault-double-8 -std=legacy p4zprod_.f90 -o p4zprod.o
cpp -traditional -DLinux -P -I/usr/include -ICROCOFILES/AGRIF_INC p4zmicro.F90 > p4zmicro_.f90
gfortran -c -O2 -mcmodel=medium -fdefault-real-8 -fdefault-double-8 -std=legacy p4zmicro_.f90 -o p4zmicro.o
cpp -traditional -DLinux -P -I/usr/include -ICROCOFILES/AGRIF_INC p4zmeso.F90 > p4zmeso_.f90
gfortran -c -O2 -mcmodel=medium -fdefault-real-8 -fdefault-double-8 -std=legacy p4zmeso_.f90 -o p4zmeso.o
cpp -traditional -DLinux -P -I/usr/include -ICROCOFILES/AGRIF_INC p4zmort.F90 > p4zmort_.f90
gfortran -c -O2 -mcmodel=medium -fdefault-real-8 -fdefault-double-8 -std=legacy p4zmort_.f90 -o p4zmort.o
cpp -traditional -DLinux -P -I/usr/include -ICROCOFILES/AGRIF_INC p4zopt.F90 > p4zopt_.f90
gfortran -c -O2 -mcmodel=medium -fdefault-real-8 -fdefault-double-8 -std=legacy p4zopt_.f90 -o p4zopt.o
cpp -traditional -DLinux -P -I/usr/include -ICROCOFILES/AGRIF_INC p4zrem.F90 > p4zrem_.f90
gfortran -c -O2 -mcmodel=medium -fdefault-real-8 -fdefault-double-8 -std=legacy p4zrem_.f90 -o p4zrem.o
cpp -traditional -DLinux -P -I/usr/include -ICROCOFILES/AGRIF_INC p4zsbc.F90 > p4zsbc_.f90
gfortran -c -O2 -mcmodel=medium -fdefault-real-8 -fdefault-double-8 -std=legacy p4zsbc_.f90 -o p4zsbc.o
cpp -traditional -DLinux -P -I/usr/include -ICROCOFILES/AGRIF_INC par_sed.F90 > par_sed_.f90
gfortran -c -O2 -mcmodel=medium -fdefault-real-8 -fdefault-double-8 -std=legacy par_sed_.f90 -o par_sed.o
cpp -traditional -DLinux -P -I/usr/include -ICROCOFILES/AGRIF_INC oce_sed.F90 > oce_sed_.f90
gfortran -c -O2 -mcmodel=medium -fdefault-real-8 -fdefault-double-8 -std=legacy oce_sed_.f90 -o oce_sed.o
cpp -traditional -DLinux -P -I/usr/include -ICROCOFILES/AGRIF_INC sed.F90 > sed_.f90
gfortran -c -O2 -mcmodel=medium -fdefault-real-8 -fdefault-double-8 -std=legacy sed_.f90 -o sed.o
cpp -traditional -DLinux -P -I/usr/include -ICROCOFILES/AGRIF_INC p4zsed.F90 > p4zsed_.f90
gfortran -c -O2 -mcmodel=medium -fdefault-real-8 -fdefault-double-8 -std=legacy p4zsed_.f90 -o p4zsed.o
cpp -traditional -DLinux -P -I/usr/include -ICROCOFILES/AGRIF_INC sedarr.F90 > sedarr_.f90
gfortran -c -O2 -mcmodel=medium -fdefault-real-8 -fdefault-double-8 -std=legacy sedarr_.f90 -o sedarr.o
cpp -traditional -DLinux -P -I/usr/include -ICROCOFILES/AGRIF_INC sedwri.F90 > sedwri_.f90
gfortran -c -O2 -mcmodel=medium -fdefault-real-8 -fdefault-double-8 -std=legacy sedwri_.f90 -o sedwri.o
cpp -traditional -DLinux -P -I/usr/include -ICROCOFILES/AGRIF_INC trcwri_pisces.F90 > trcwri_pisces_.f90
gfortran -c -O2 -mcmodel=medium -fdefault-real-8 -fdefault-double-8 -std=legacy trcwri_pisces_.f90 -o trcwri_pisces.o
cpp -traditional -DLinux -P -I/usr/include -ICROCOFILES/AGRIF_INC p4zagg.F90 > p4zagg_.f90
gfortran -c -O2 -mcmodel=medium -fdefault-real-8 -fdefault-double-8 -std=legacy p4zagg_.f90 -o p4zagg.o
cpp -traditional -DLinux -P -I/usr/include -ICROCOFILES/AGRIF_INC p4zfechem.F90 > p4zfechem_.f90
gfortran -c -O2 -mcmodel=medium -fdefault-real-8 -fdefault-double-8 -std=legacy p4zfechem_.f90 -o p4zfechem.o
cpp -traditional -DLinux -P -I/usr/include -ICROCOFILES/AGRIF_INC p4zligand.F90 > p4zligand_.f90
gfortran -c -O2 -mcmodel=medium -fdefault-real-8 -fdefault-double-8 -std=legacy p4zligand_.f90 -o p4zligand.o
cpp -traditional -DLinux -P -I/usr/include -ICROCOFILES/AGRIF_INC p4zpoc.F90 > p4zpoc_.f90
gfortran -c -O2 -mcmodel=medium -fdefault-real-8 -fdefault-double-8 -std=legacy p4zpoc_.f90 -o p4zpoc.o
cpp -traditional -DLinux -P -I/usr/include -ICROCOFILES/AGRIF_INC p5zlim.F90 > p5zlim_.f90
gfortran -c -O2 -mcmodel=medium -fdefault-real-8 -fdefault-double-8 -std=legacy p5zlim_.f90 -o p5zlim.o
cpp -traditional -DLinux -P -I/usr/include -ICROCOFILES/AGRIF_INC p5zmeso.F90 > p5zmeso_.f90
gfortran -c -O2 -mcmodel=medium -fdefault-real-8 -fdefault-double-8 -std=legacy p5zmeso_.f90 -o p5zmeso.o
cpp -traditional -DLinux -P -I/usr/include -ICROCOFILES/AGRIF_INC p5zmicro.F90 > p5zmicro_.f90
gfortran -c -O2 -mcmodel=medium -fdefault-real-8 -fdefault-double-8 -std=legacy p5zmicro_.f90 -o p5zmicro.o
cpp -traditional -DLinux -P -I/usr/include -ICROCOFILES/AGRIF_INC p5zmort.F90 > p5zmort_.f90
gfortran -c -O2 -mcmodel=medium -fdefault-real-8 -fdefault-double-8 -std=legacy p5zmort_.f90 -o p5zmort.o
cpp -traditional -DLinux -P -I/usr/include -ICROCOFILES/AGRIF_INC p5zprod.F90 > p5zprod_.f90
gfortran -c -O2 -mcmodel=medium -fdefault-real-8 -fdefault-double-8 -std=legacy p5zprod_.f90 -o p5zprod.o
cpp -traditional -DLinux -P -I/usr/include -ICROCOFILES/AGRIF_INC p4zbio.F90 > p4zbio_.f90
gfortran -c -O2 -mcmodel=medium -fdefault-real-8 -fdefault-double-8 -std=legacy p4zbio_.f90 -o p4zbio.o
cpp -traditional -DLinux -P -I/usr/include -ICROCOFILES/AGRIF_INC sed_oce.F90 > sed_oce_.f90
gfortran -c -O2 -mcmodel=medium -fdefault-real-8 -fdefault-double-8 -std=legacy sed_oce_.f90 -o sed_oce.o
cpp -traditional -DLinux -P -I/usr/include -ICROCOFILES/AGRIF_INC sedadv.F90 > sedadv_.f90
gfortran -c -O2 -mcmodel=medium -fdefault-real-8 -fdefault-double-8 -std=legacy sedadv_.f90 -o sedadv.o
cpp -traditional -DLinux -P -I/usr/include -ICROCOFILES/AGRIF_INC sedmat.F90 > sedmat_.f90
gfortran -c -O2 -mcmodel=medium -fdefault-real-8 -fdefault-double-8 -std=legacy sedmat_.f90 -o sedmat.o
cpp -traditional -DLinux -P -I/usr/include -ICROCOFILES/AGRIF_INC sedbtb.F90 > sedbtb_.f90
gfortran -c -O2 -mcmodel=medium -fdefault-real-8 -fdefault-double-8 -std=legacy sedbtb_.f90 -o sedbtb.o
cpp -traditional -DLinux -P -I/usr/include -ICROCOFILES/AGRIF_INC sedchem.F90 > sedchem_.f90
gfortran -c -O2 -mcmodel=medium -fdefault-real-8 -fdefault-double-8 -std=legacy sedchem_.f90 -o sedchem.o
cpp -traditional -DLinux -P -I/usr/include -ICROCOFILES/AGRIF_INC sedco3.F90 > sedco3_.f90
gfortran -c -O2 -mcmodel=medium -fdefault-real-8 -fdefault-double-8 -std=legacy sedco3_.f90 -o sedco3.o
cpp -traditional -DLinux -P -I/usr/include -ICROCOFILES/AGRIF_INC sedini.F90 > sedini_.f90
gfortran -c -O2 -mcmodel=medium -fdefault-real-8 -fdefault-double-8 -std=legacy sedini_.f90 -o sedini.o
cpp -traditional -DLinux -P -I/usr/include -ICROCOFILES/AGRIF_INC seddiff.F90 > seddiff_.f90
gfortran -c -O2 -mcmodel=medium -fdefault-real-8 -fdefault-double-8 -std=legacy seddiff_.f90 -o seddiff.o
cpp -traditional -DLinux -P -I/usr/include -ICROCOFILES/AGRIF_INC seddsr.F90 > seddsr_.f90
gfortran -c -O2 -mcmodel=medium -fdefault-real-8 -fdefault-double-8 -std=legacy seddsr_.f90 -o seddsr.o
cpp -traditional -DLinux -P -I/usr/include -ICROCOFILES/AGRIF_INC seddta.F90 > seddta_.f90
gfortran -c -O2 -mcmodel=medium -fdefault-real-8 -fdefault-double-8 -std=legacy seddta_.f90 -o seddta.o
cpp -traditional -DLinux -P -I/usr/include -ICROCOFILES/AGRIF_INC sedrst.F90 > sedrst_.f90
gfortran -c -O2 -mcmodel=medium -fdefault-real-8 -fdefault-double-8 -std=legacy sedrst_.f90 -o sedrst.o
cpp -traditional -DLinux -P -I/usr/include -ICROCOFILES/AGRIF_INC sedinitrc.F90 > sedinitrc_.f90
gfortran -c -O2 -mcmodel=medium -fdefault-real-8 -fdefault-double-8 -std=legacy sedinitrc_.f90 -o sedinitrc.o
cpp -traditional -DLinux -P -I/usr/include -ICROCOFILES/AGRIF_INC sedinorg.F90 > sedinorg_.f90
gfortran -c -O2 -mcmodel=medium -fdefault-real-8 -fdefault-double-8 -std=legacy sedinorg_.f90 -o sedinorg.o
cpp -traditional -DLinux -P -I/usr/include -ICROCOFILES/AGRIF_INC sedmbc.F90 > sedmbc_.f90
gfortran -c -O2 -mcmodel=medium -fdefault-real-8 -fdefault-double-8 -std=legacy sedmbc_.f90 -o sedmbc.o
cpp -traditional -DLinux -P -I/usr/include -ICROCOFILES/AGRIF_INC sedorg.F90 > sedorg_.f90
gfortran -c -O2 -mcmodel=medium -fdefault-real-8 -fdefault-double-8 -std=legacy sedorg_.f90 -o sedorg.o
cpp -traditional -DLinux -P -I/usr/include -ICROCOFILES/AGRIF_INC sedsfc.F90 > sedsfc_.f90
gfortran -c -O2 -mcmodel=medium -fdefault-real-8 -fdefault-double-8 -std=legacy sedsfc_.f90 -o sedsfc.o
cpp -traditional -DLinux -P -I/usr/include -ICROCOFILES/AGRIF_INC setavg_sed.F90 > setavg_sed_.f90
gfortran -c -O2 -mcmodel=medium -fdefault-real-8 -fdefault-double-8 -std=legacy setavg_sed_.f90 -o setavg_sed.o
cpp -traditional -DLinux -P -I/usr/include -ICROCOFILES/AGRIF_INC sedstp.F90 > sedstp_.f90
gfortran -c -O2 -mcmodel=medium -fdefault-real-8 -fdefault-double-8 -std=legacy sedstp_.f90 -o sedstp.o
cpp -traditional -DLinux -P -I/usr/include -ICROCOFILES/AGRIF_INC sedmodel.F90 > sedmodel_.f90
gfortran -c -O2 -mcmodel=medium -fdefault-real-8 -fdefault-double-8 -std=legacy sedmodel_.f90 -o sedmodel.o
cpp -traditional -DLinux -P -I/usr/include -ICROCOFILES/AGRIF_INC p4zsms.F90 > p4zsms_.f90
gfortran -c -O2 -mcmodel=medium -fdefault-real-8 -fdefault-double-8 -std=legacy p4zsms_.f90 -o p4zsms.o
cpp -traditional -DLinux -P -I/usr/include -ICROCOFILES/AGRIF_INC trcsms_pisces.F90 > trcsms_pisces_.f90
gfortran -c -O2 -mcmodel=medium -fdefault-real-8 -fdefault-double-8 -std=legacy trcsms_pisces_.f90 -o trcsms_pisces.o
cpp -traditional -DLinux -P -I/usr/include -ICROCOFILES/AGRIF_INC trcini_pisces.F90 > trcini_pisces_.f90
gfortran -c -O2 -mcmodel=medium -fdefault-real-8 -fdefault-double-8 -std=legacy trcini_pisces_.f90 -o trcini_pisces.o
cpp -traditional -DLinux -P -I/usr/include -ICROCOFILES/AGRIF_INC pisces_ini.F90 > pisces_ini_.f90
gfortran -c -O2 -mcmodel=medium -fdefault-real-8 -fdefault-double-8 -std=legacy pisces_ini_.f90 -o pisces_ini.o
cpp -traditional -DLinux -P -I/usr/include -ICROCOFILES/AGRIF_INC module_parameter_oa.F90 > module_parameter_oa_.f90
gfortran -c -O2 -mcmodel=medium -fdefault-real-8 -fdefault-double-8 -std=legacy module_parameter_oa_.f90 -o module_parameter_oa.o
cpp -traditional -DLinux -P -I/usr/include -ICROCOFILES/AGRIF_INC module_grd_oa.F90 > module_grd_oa_.f90
gfortran -c -O2 -mcmodel=medium -fdefault-real-8 -fdefault-double-8 -std=legacy module_grd_oa_.f90 -o module_grd_oa.o
cpp -traditional -DLinux -P -I/usr/include -ICROCOFILES/AGRIF_INC module_oa_time.F90 > module_oa_time_.f90
gfortran -c -O2 -mcmodel=medium -fdefault-real-8 -fdefault-double-8 -std=legacy module_oa_time_.f90 -o module_oa_time.o
cpp -traditional -DLinux -P -I/usr/include -ICROCOFILES/AGRIF_INC module_oa_space.F90 > module_oa_space_.f90
gfortran -c -O2 -mcmodel=medium -fdefault-real-8 -fdefault-double-8 -std=legacy module_oa_space_.f90 -o module_oa_space.o
cpp -traditional -DLinux -P -I/usr/include -ICROCOFILES/AGRIF_INC module_oa_periode.F90 > module_oa_periode_.f90
gfortran -c -O2 -mcmodel=medium -fdefault-real-8 -fdefault-double-8 -std=legacy module_oa_periode_.f90 -o module_oa_periode.o
cpp -traditional -DLinux -P -I/usr/include -ICROCOFILES/AGRIF_INC module_oa_variables.F90 > module_oa_variables_.f90
gfortran -c -O2 -mcmodel=medium -fdefault-real-8 -fdefault-double-8 -std=legacy module_oa_variables_.f90 -o module_oa_variables.o
cpp -traditional -DLinux -P -I/usr/include -ICROCOFILES/AGRIF_INC module_oa_type.F90 > module_oa_type_.f90
gfortran -c -O2 -mcmodel=medium -fdefault-real-8 -fdefault-double-8 -std=legacy module_oa_type_.f90 -o module_oa_type.o
cpp -traditional -DLinux -P -I/usr/include -ICROCOFILES/AGRIF_INC module_tile_oa.F90 > module_tile_oa_.f90
gfortran -c -O2 -mcmodel=medium -fdefault-real-8 -fdefault-double-8 -std=legacy module_tile_oa_.f90 -o module_tile_oa.o
cpp -traditional -DLinux -P -I/usr/include -ICROCOFILES/AGRIF_INC module_oa_level.F90 > module_oa_level_.f90
gfortran -c -O2 -mcmodel=medium -fdefault-real-8 -fdefault-double-8 -std=legacy module_oa_level_.f90 -o module_oa_level.o
cpp -traditional -DLinux -P -I/usr/include -ICROCOFILES/AGRIF_INC module_oa_interface.F90 > module_oa_interface_.f90
gfortran -c -O2 -mcmodel=medium -fdefault-real-8 -fdefault-double-8 -std=legacy module_oa_interface_.f90 -o module_oa_interface.o
cpp -traditional -DLinux -P -I/usr/include -ICROCOFILES/AGRIF_INC var_oa.F90 > var_oa_.f90
gfortran -c -O2 -mcmodel=medium -fdefault-real-8 -fdefault-double-8 -std=legacy var_oa_.f90 -o var_oa.o
cpp -traditional -DLinux -P -I/usr/include -ICROCOFILES/AGRIF_INC tooldatosec.F90 > tooldatosec_.f90
gfortran -c -O2 -mcmodel=medium -fdefault-real-8 -fdefault-double-8 -std=legacy tooldatosec_.f90 -o tooldatosec.o
cpp -traditional -DLinux -P -I/usr/include -ICROCOFILES/AGRIF_INC toolsectodat.F90 > toolsectodat_.f90
gfortran -c -O2 -mcmodel=medium -fdefault-real-8 -fdefault-double-8 -std=legacy toolsectodat_.f90 -o toolsectodat.o
cpp -traditional -DLinux -P -I/usr/include -ICROCOFILES/AGRIF_INC tooldecompdat.F90 > tooldecompdat_.f90
gfortran -c -O2 -mcmodel=medium -fdefault-real-8 -fdefault-double-8 -std=legacy tooldecompdat_.f90 -o tooldecompdat.o
cpp -traditional -DLinux -P -I/usr/include -ICROCOFILES/AGRIF_INC tooldatetosec.F90 > tooldatetosec_.f90
gfortran -c -O2 -mcmodel=medium -fdefault-real-8 -fdefault-double-8 -std=legacy tooldatetosec_.f90 -o tooldatetosec.o
cpp -traditional -DLinux -P -I/usr/include -ICROCOFILES/AGRIF_INC flocmod.F90 > flocmod_.f90
gfortran -c -O2 -mcmodel=medium -fdefault-real-8 -fdefault-double-8 -std=legacy flocmod_.f90 -o flocmod.o
cpp -traditional -DLinux -P -I/usr/include -ICROCOFILES/AGRIF_INC comsubstance.F90 > comsubstance_.f90
gfortran -c -O2 -mcmodel=medium -fdefault-real-8 -fdefault-double-8 -std=legacy comsubstance_.f90 -o comsubstance.o
cpp -traditional -DLinux -P -I/usr/include -ICROCOFILES/AGRIF_INC module_substance.F | ./mpc > module_substance_.f
gfortran -c -O2 -mcmodel=medium -fdefault-real-8 -fdefault-double-8 -std=legacy module_substance_.f -o module_substance.o
cpp -traditional -DLinux -P -I/usr/include -ICROCOFILES/AGRIF_INC substance.F90 > substance_.f90
gfortran -c -O2 -mcmodel=medium -fdefault-real-8 -fdefault-double-8 -std=legacy substance_.f90 -o substance.o
cpp -traditional -DLinux -P -I/usr/include -ICROCOFILES/AGRIF_INC comMUSTANG.F90 > comMUSTANG_.f90
gfortran -c -O2 -mcmodel=medium -fdefault-real-8 -fdefault-double-8 -std=legacy comMUSTANG_.f90 -o comMUSTANG.o
cpp -traditional -DLinux -P -I/usr/include -ICROCOFILES/AGRIF_INC module_MUSTANG.F | ./mpc > module_MUSTANG_.f
gfortran -c -O2 -mcmodel=medium -fdefault-real-8 -fdefault-double-8 -std=legacy module_MUSTANG_.f -o module_MUSTANG.o
cpp -traditional -DLinux -P -I/usr/include -ICROCOFILES/AGRIF_INC coupler_MUSTANG.F90 > coupler_MUSTANG_.f90
gfortran -c -O2 -mcmodel=medium -fdefault-real-8 -fdefault-double-8 -std=legacy coupler_MUSTANG_.f90 -o coupler_MUSTANG.o
cpp -traditional -DLinux -P -I/usr/include -ICROCOFILES/AGRIF_INC sed_MUSTANG_CROCO.F90 > sed_MUSTANG_CROCO_.f90
gfortran -c -O2 -mcmodel=medium -fdefault-real-8 -fdefault-double-8 -std=legacy sed_MUSTANG_CROCO_.f90 -o sed_MUSTANG_CROCO.o
cpp -traditional -DLinux -P -I/usr/include -ICROCOFILES/AGRIF_INC sed_MUSTANG.F90 > sed_MUSTANG_.f90
gfortran -c -O2 -mcmodel=medium -fdefault-real-8 -fdefault-double-8 -std=legacy sed_MUSTANG_.f90 -o sed_MUSTANG.o
cpp -traditional -DLinux -P -I/usr/include -ICROCOFILES/AGRIF_INC initMUSTANG.F90 > initMUSTANG_.f90
gfortran -c -O2 -mcmodel=medium -fdefault-real-8 -fdefault-double-8 -std=legacy initMUSTANG_.f90 -o initMUSTANG.o
cpp -traditional -DLinux -P -I/usr/include -ICROCOFILES/AGRIF_INC plug_MUSTANG_CROCO.F90 > plug_MUSTANG_CROCO_.f90
gfortran -c -O2 -mcmodel=medium -fdefault-real-8 -fdefault-double-8 -std=legacy plug_MUSTANG_CROCO_.f90 -o plug_MUSTANG_CROCO.o
cpp -traditional -DLinux -P -I/usr/include -ICROCOFILES/AGRIF_INC main.F | ./mpc > main_.f
gfortran -c -O2 -mcmodel=medium -fdefault-real-8 -fdefault-double-8 -std=legacy main_.f -o main.o
cpp -traditional -DLinux -P -I/usr/include -ICROCOFILES/AGRIF_INC step.F | ./mpc > step_.f
gfortran -c -O2 -mcmodel=medium -fdefault-real-8 -fdefault-double-8 -std=legacy step_.f -o step.o
cpp -traditional -DLinux -P -I/usr/include -ICROCOFILES/AGRIF_INC read_inp.F | ./mpc > read_inp_.f
gfortran -c -O2 -mcmodel=medium -fdefault-real-8 -fdefault-double-8 -std=legacy read_inp_.f -o read_inp.o
cpp -traditional -DLinux -P -I/usr/include -ICROCOFILES/AGRIF_INC timers_roms.F | ./mpc > timers_roms_.f
gfortran -c -O2 -mcmodel=medium -fdefault-real-8 -fdefault-double-8 -std=legacy timers_roms_.f -o timers_roms.o
cpp -traditional -DLinux -P -I/usr/include -ICROCOFILES/AGRIF_INC init_scalars.F | ./mpc > init_scalars_.f
gfortran -c -O2 -mcmodel=medium -fdefault-real-8 -fdefault-double-8 -std=legacy init_scalars_.f -o init_scalars.o
cpp -traditional -DLinux -P -I/usr/include -ICROCOFILES/AGRIF_INC init_arrays.F | ./mpc > init_arrays_.f
gfortran -c -O2 -mcmodel=medium -fdefault-real-8 -fdefault-double-8 -std=legacy init_arrays_.f -o init_arrays.o
cpp -traditional -DLinux -P -I/usr/include -ICROCOFILES/AGRIF_INC set_weights.F | ./mpc > set_weights_.f
gfortran -c -O2 -mcmodel=medium -fdefault-real-8 -fdefault-double-8 -std=legacy set_weights_.f -o set_weights.o
cpp -traditional -DLinux -P -I/usr/include -ICROCOFILES/AGRIF_INC set_scoord.F | ./mpc > set_scoord_.f
gfortran -c -O2 -mcmodel=medium -fdefault-real-8 -fdefault-double-8 -std=legacy set_scoord_.f -o set_scoord.o
cpp -traditional -DLinux -P -I/usr/include -ICROCOFILES/AGRIF_INC ana_grid.F | ./mpc > ana_grid_.f
gfortran -c -O2 -mcmodel=medium -fdefault-real-8 -fdefault-double-8 -std=legacy ana_grid_.f -o ana_grid.o
cpp -traditional -DLinux -P -I/usr/include -ICROCOFILES/AGRIF_INC setup_grid1.F | ./mpc > setup_grid1_.f
gfortran -c -O2 -mcmodel=medium -fdefault-real-8 -fdefault-double-8 -std=legacy setup_grid1_.f -o setup_grid1.o
cpp -traditional -DLinux -P -I/usr/include -ICROCOFILES/AGRIF_INC setup_grid2.F | ./mpc > setup_grid2_.f
gfortran -c -O2 -mcmodel=medium -fdefault-real-8 -fdefault-double-8 -std=legacy setup_grid2_.f -o setup_grid2.o
cpp -traditional -DLinux -P -I/usr/include -ICROCOFILES/AGRIF_INC set_nudgcof.F | ./mpc > set_nudgcof_.f
gfortran -c -O2 -mcmodel=medium -fdefault-real-8 -fdefault-double-8 -std=legacy set_nudgcof_.f -o set_nudgcof.o
cpp -traditional -DLinux -P -I/usr/include -ICROCOFILES/AGRIF_INC ana_initial.F | ./mpc > ana_initial_.f
gfortran -c -O2 -mcmodel=medium -fdefault-real-8 -fdefault-double-8 -std=legacy ana_initial_.f -o ana_initial.o
cpp -traditional -DLinux -P -I/usr/include -ICROCOFILES/AGRIF_INC analytical.F | ./mpc > analytical_.f
gfortran -c -O2 -mcmodel=medium -fdefault-real-8 -fdefault-double-8 -std=legacy analytical_.f -o analytical.o
cpp -traditional -DLinux -P -I/usr/include -ICROCOFILES/AGRIF_INC zonavg.F | ./mpc > zonavg_.f
gfortran -c -O2 -mcmodel=medium -fdefault-real-8 -fdefault-double-8 -std=legacy zonavg_.f -o zonavg.o
cpp -traditional -DLinux -P -I/usr/include -ICROCOFILES/AGRIF_INC step2d.F | ./mpc > step2d_.f
gfortran -c -O2 -mcmodel=medium -fdefault-real-8 -fdefault-double-8 -std=legacy step2d_.f -o step2d.o
cpp -traditional -DLinux -P -I/usr/include -ICROCOFILES/AGRIF_INC u2dbc.F | ./mpc > u2dbc_.f
gfortran -c -O2 -mcmodel=medium -fdefault-real-8 -fdefault-double-8 -std=legacy u2dbc_.f -o u2dbc.o
cpp -traditional -DLinux -P -I/usr/include -ICROCOFILES/AGRIF_INC v2dbc.F | ./mpc > v2dbc_.f
gfortran -c -O2 -mcmodel=medium -fdefault-real-8 -fdefault-double-8 -std=legacy v2dbc_.f -o v2dbc.o
cpp -traditional -DLinux -P -I/usr/include -ICROCOFILES/AGRIF_INC zetabc.F | ./mpc > zetabc_.f
gfortran -c -O2 -mcmodel=medium -fdefault-real-8 -fdefault-double-8 -std=legacy zetabc_.f -o zetabc.o
cpp -traditional -DLinux -P -I/usr/include -ICROCOFILES/AGRIF_INC obc_volcons.F | ./mpc > obc_volcons_.f
gfortran -c -O2 -mcmodel=medium -fdefault-real-8 -fdefault-double-8 -std=legacy obc_volcons_.f -o obc_volcons.o
cpp -traditional -DLinux -P -I/usr/include -ICROCOFILES/AGRIF_INC pre_step3d.F | ./mpc > pre_step3d_.f
gfortran -c -O2 -mcmodel=medium -fdefault-real-8 -fdefault-double-8 -std=legacy pre_step3d_.f -o pre_step3d.o
cpp -traditional -DLinux -P -I/usr/include -ICROCOFILES/AGRIF_INC step3d_t.F | ./mpc > step3d_t_.f
gfortran -c -O2 -mcmodel=medium -fdefault-real-8 -fdefault-double-8 -std=legacy step3d_t_.f -o step3d_t.o
cpp -traditional -DLinux -P -I/usr/include -ICROCOFILES/AGRIF_INC step3d_uv1.F | ./mpc > step3d_uv1_.f
gfortran -c -O2 -mcmodel=medium -fdefault-real-8 -fdefault-double-8 -std=legacy step3d_uv1_.f -o step3d_uv1.o
cpp -traditional -DLinux -P -I/usr/include -ICROCOFILES/AGRIF_INC step3d_uv2.F | ./mpc > step3d_uv2_.f
gfortran -c -O2 -mcmodel=medium -fdefault-real-8 -fdefault-double-8 -std=legacy step3d_uv2_.f -o step3d_uv2.o
cpp -traditional -DLinux -P -I/usr/include -ICROCOFILES/AGRIF_INC prsgrd.F | ./mpc > prsgrd_.f
gfortran -c -O2 -mcmodel=medium -fdefault-real-8 -fdefault-double-8 -std=legacy prsgrd_.f -o prsgrd.o
cpp -traditional -DLinux -P -I/usr/include -ICROCOFILES/AGRIF_INC rhs3d.F | ./mpc > rhs3d_.f
gfortran -c -O2 -mcmodel=medium -fdefault-real-8 -fdefault-double-8 -std=legacy rhs3d_.f -o rhs3d.o
cpp -traditional -DLinux -P -I/usr/include -ICROCOFILES/AGRIF_INC set_depth.F | ./mpc > set_depth_.f
gfortran -c -O2 -mcmodel=medium -fdefault-real-8 -fdefault-double-8 -std=legacy set_depth_.f -o set_depth.o
cpp -traditional -DLinux -P -I/usr/include -ICROCOFILES/AGRIF_INC omega.F | ./mpc > omega_.f
gfortran -c -O2 -mcmodel=medium -fdefault-real-8 -fdefault-double-8 -std=legacy omega_.f -o omega.o
cpp -traditional -DLinux -P -I/usr/include -ICROCOFILES/AGRIF_INC uv3dmix.F | ./mpc > uv3dmix_.f
gfortran -c -O2 -mcmodel=medium -fdefault-real-8 -fdefault-double-8 -std=legacy uv3dmix_.f -o uv3dmix.o
cpp -traditional -DLinux -P -I/usr/include -ICROCOFILES/AGRIF_INC uv3dmix_spg.F | ./mpc > uv3dmix_spg_.f
gfortran -c -O2 -mcmodel=medium -fdefault-real-8 -fdefault-double-8 -std=legacy uv3dmix_spg_.f -o uv3dmix_spg.o
cpp -traditional -DLinux -P -I/usr/include -ICROCOFILES/AGRIF_INC t3dmix.F | ./mpc > t3dmix_.f
gfortran -c -O2 -mcmodel=medium -fdefault-real-8 -fdefault-double-8 -std=legacy t3dmix_.f -o t3dmix.o
cpp -traditional -DLinux -P -I/usr/include -ICROCOFILES/AGRIF_INC t3dmix_spg.F | ./mpc > t3dmix_spg_.f
gfortran -c -O2 -mcmodel=medium -fdefault-real-8 -fdefault-double-8 -std=legacy t3dmix_spg_.f -o t3dmix_spg.o
cpp -traditional -DLinux -P -I/usr/include -ICROCOFILES/AGRIF_INC hmix_coef.F | ./mpc > hmix_coef_.f
gfortran -c -O2 -mcmodel=medium -fdefault-real-8 -fdefault-double-8 -std=legacy hmix_coef_.f -o hmix_coef.o
cpp -traditional -DLinux -P -I/usr/include -ICROCOFILES/AGRIF_INC wetdry.F | ./mpc > wetdry_.f
gfortran -c -O2 -mcmodel=medium -fdefault-real-8 -fdefault-double-8 -std=legacy wetdry_.f -o wetdry.o
cpp -traditional -DLinux -P -I/usr/include -ICROCOFILES/AGRIF_INC wavedry.F | ./mpc > wavedry_.f
gfortran -c -O2 -mcmodel=medium -fdefault-real-8 -fdefault-double-8 -std=legacy wavedry_.f -o wavedry.o
cpp -traditional -DLinux -P -I/usr/include -ICROCOFILES/AGRIF_INC u3dbc.F | ./mpc > u3dbc_.f
gfortran -c -O2 -mcmodel=medium -fdefault-real-8 -fdefault-double-8 -std=legacy u3dbc_.f -o u3dbc.o
cpp -traditional -DLinux -P -I/usr/include -ICROCOFILES/AGRIF_INC v3dbc.F | ./mpc > v3dbc_.f
gfortran -c -O2 -mcmodel=medium -fdefault-real-8 -fdefault-double-8 -std=legacy v3dbc_.f -o v3dbc.o
cpp -traditional -DLinux -P -I/usr/include -ICROCOFILES/AGRIF_INC t3dbc.F | ./mpc > t3dbc_.f
gfortran -c -O2 -mcmodel=medium -fdefault-real-8 -fdefault-double-8 -std=legacy t3dbc_.f -o t3dbc.o
cpp -traditional -DLinux -P -I/usr/include -ICROCOFILES/AGRIF_INC step3d_fast.F | ./mpc > step3d_fast_.f
gfortran -c -O2 -mcmodel=medium -fdefault-real-8 -fdefault-double-8 -std=legacy step3d_fast_.f -o step3d_fast.o
cpp -traditional -DLinux -P -I/usr/include -ICROCOFILES/AGRIF_INC step3d_w.F | ./mpc > step3d_w_.f
gfortran -c -O2 -mcmodel=medium -fdefault-real-8 -fdefault-double-8 -std=legacy step3d_w_.f -o step3d_w.o
cpp -traditional -DLinux -P -I/usr/include -ICROCOFILES/AGRIF_INC rhs3d_w_nh.F | ./mpc > rhs3d_w_nh_.f
gfortran -c -O2 -mcmodel=medium -fdefault-real-8 -fdefault-double-8 -std=legacy rhs3d_w_nh_.f -o rhs3d_w_nh.o
cpp -traditional -DLinux -P -I/usr/include -ICROCOFILES/AGRIF_INC initial_nbq.F | ./mpc > initial_nbq_.f
gfortran -c -O2 -mcmodel=medium -fdefault-real-8 -fdefault-double-8 -std=legacy initial_nbq_.f -o initial_nbq.o
cpp -traditional -DLinux -P -I/usr/include -ICROCOFILES/AGRIF_INC grid_nbq.F | ./mpc > grid_nbq_.f
gfortran -c -O2 -mcmodel=medium -fdefault-real-8 -fdefault-double-8 -std=legacy grid_nbq_.f -o grid_nbq.o
cpp -traditional -DLinux -P -I/usr/include -ICROCOFILES/AGRIF_INC unbq_bc.F | ./mpc > unbq_bc_.f
gfortran -c -O2 -mcmodel=medium -fdefault-real-8 -fdefault-double-8 -std=legacy unbq_bc_.f -o unbq_bc.o
cpp -traditional -DLinux -P -I/usr/include -ICROCOFILES/AGRIF_INC vnbq_bc.F | ./mpc > vnbq_bc_.f
gfortran -c -O2 -mcmodel=medium -fdefault-real-8 -fdefault-double-8 -std=legacy vnbq_bc_.f -o vnbq_bc.o
cpp -traditional -DLinux -P -I/usr/include -ICROCOFILES/AGRIF_INC wnbq_bc.F | ./mpc > wnbq_bc_.f
gfortran -c -O2 -mcmodel=medium -fdefault-real-8 -fdefault-double-8 -std=legacy wnbq_bc_.f -o wnbq_bc.o
cpp -traditional -DLinux -P -I/usr/include -ICROCOFILES/AGRIF_INC rnbq_bc.F | ./mpc > rnbq_bc_.f
gfortran -c -O2 -mcmodel=medium -fdefault-real-8 -fdefault-double-8 -std=legacy rnbq_bc_.f -o rnbq_bc.o
cpp -traditional -DLinux -P -I/usr/include -ICROCOFILES/AGRIF_INC w3dbc.F | ./mpc > w3dbc_.f
gfortran -c -O2 -mcmodel=medium -fdefault-real-8 -fdefault-double-8 -std=legacy w3dbc_.f -o w3dbc.o
cpp -traditional -DLinux -P -I/usr/include -ICROCOFILES/AGRIF_INC nbq_bry_store.F | ./mpc > nbq_bry_store_.f
gfortran -c -O2 -mcmodel=medium -fdefault-real-8 -fdefault-double-8 -std=legacy nbq_bry_store_.f -o nbq_bry_store.o
cpp -traditional -DLinux -P -I/usr/include -ICROCOFILES/AGRIF_INC rho_eos.F | ./mpc > rho_eos_.f
gfortran -c -O2 -mcmodel=medium -fdefault-real-8 -fdefault-double-8 -std=legacy rho_eos_.f -o rho_eos.o
cpp -traditional -DLinux -P -I/usr/include -ICROCOFILES/AGRIF_INC ab_ratio.F | ./mpc > ab_ratio_.f
gfortran -c -O2 -mcmodel=medium -fdefault-real-8 -fdefault-double-8 -std=legacy ab_ratio_.f -o ab_ratio.o
cpp -traditional -DLinux -P -I/usr/include -ICROCOFILES/AGRIF_INC alfabeta.F | ./mpc > alfabeta_.f
gfortran -c -O2 -mcmodel=medium -fdefault-real-8 -fdefault-double-8 -std=legacy alfabeta_.f -o alfabeta.o
cpp -traditional -DLinux -P -I/usr/include -ICROCOFILES/AGRIF_INC alfabeta_k.F | ./mpc > alfabeta_k_.f
gfortran -c -O2 -mcmodel=medium -fdefault-real-8 -fdefault-double-8 -std=legacy alfabeta_k_.f -o alfabeta_k.o
cpp -traditional -DLinux -P -I/usr/include -ICROCOFILES/AGRIF_INC ana_vmix.F | ./mpc > ana_vmix_.f
gfortran -c -O2 -mcmodel=medium -fdefault-real-8 -fdefault-double-8 -std=legacy ana_vmix_.f -o ana_vmix.o
cpp -traditional -DLinux -P -I/usr/include -ICROCOFILES/AGRIF_INC bvf_mix.F | ./mpc > bvf_mix_.f
gfortran -c -O2 -mcmodel=medium -fdefault-real-8 -fdefault-double-8 -std=legacy bvf_mix_.f -o bvf_mix.o
cpp -traditional -DLinux -P -I/usr/include -ICROCOFILES/AGRIF_INC lmd_vmix.F | ./mpc > lmd_vmix_.f
gfortran -c -O2 -mcmodel=medium -fdefault-real-8 -fdefault-double-8 -std=legacy lmd_vmix_.f -o lmd_vmix.o
cpp -traditional -DLinux -P -I/usr/include -ICROCOFILES/AGRIF_INC gls_mixing.F | ./mpc > gls_mixing_.f
gfortran -c -O2 -mcmodel=medium -fdefault-real-8 -fdefault-double-8 -std=legacy gls_mixing_.f -o gls_mixing.o
cpp -traditional -DLinux -P -I/usr/include -ICROCOFILES/AGRIF_INC lmd_skpp.F | ./mpc > lmd_skpp_.f
gfortran -c -O2 -mcmodel=medium -fdefault-real-8 -fdefault-double-8 -std=legacy lmd_skpp_.f -o lmd_skpp.o
cpp -traditional -DLinux -P -I/usr/include -ICROCOFILES/AGRIF_INC lmd_bkpp.F | ./mpc > lmd_bkpp_.f
gfortran -c -O2 -mcmodel=medium -fdefault-real-8 -fdefault-double-8 -std=legacy lmd_bkpp_.f -o lmd_bkpp.o
cpp -traditional -DLinux -P -I/usr/include -ICROCOFILES/AGRIF_INC lmd_swfrac.F | ./mpc > lmd_swfrac_.f
gfortran -c -O2 -mcmodel=medium -fdefault-real-8 -fdefault-double-8 -std=legacy lmd_swfrac_.f -o lmd_swfrac.o
cpp -traditional -DLinux -P -I/usr/include -ICROCOFILES/AGRIF_INC lmd_wscale.F | ./mpc > lmd_wscale_.f
gfortran -c -O2 -mcmodel=medium -fdefault-real-8 -fdefault-double-8 -std=legacy lmd_wscale_.f -o lmd_wscale.o
cpp -traditional -DLinux -P -I/usr/include -ICROCOFILES/AGRIF_INC diag.F | ./mpc > diag_.f
gfortran -c -O2 -mcmodel=medium -fdefault-real-8 -fdefault-double-8 -std=legacy diag_.f -o diag.o
cpp -traditional -DLinux -P -I/usr/include -ICROCOFILES/AGRIF_INC wvlcty.F | ./mpc > wvlcty_.f
gfortran -c -O2 -mcmodel=medium -fdefault-real-8 -fdefault-double-8 -std=legacy wvlcty_.f -o wvlcty.o
cpp -traditional -DLinux -P -I/usr/include -ICROCOFILES/AGRIF_INC checkdims.F | ./mpc > checkdims_.f
gfortran -c -O2 -mcmodel=medium -fdefault-real-8 -fdefault-double-8 -std=legacy checkdims_.f -o checkdims.o
cpp -traditional -DLinux -P -I/usr/include -ICROCOFILES/AGRIF_INC grid_stiffness.F | ./mpc > grid_stiffness_.f
gfortran -c -O2 -mcmodel=medium -fdefault-real-8 -fdefault-double-8 -std=legacy grid_stiffness_.f -o grid_stiffness.o
cpp -traditional -DLinux -P -I/usr/include -ICROCOFILES/AGRIF_INC bio_diag.F | ./mpc > bio_diag_.f
gfortran -c -O2 -mcmodel=medium -fdefault-real-8 -fdefault-double-8 -std=legacy bio_diag_.f -o bio_diag.o
cpp -traditional -DLinux -P -I/usr/include -ICROCOFILES/AGRIF_INC setup_kwds.F | ./mpc > setup_kwds_.f
gfortran -c -O2 -mcmodel=medium -fdefault-real-8 -fdefault-double-8 -std=legacy setup_kwds_.f -o setup_kwds.o
cpp -traditional -DLinux -P -I/usr/include -ICROCOFILES/AGRIF_INC check_kwds.F | ./mpc > check_kwds_.f
gfortran -c -O2 -mcmodel=medium -fdefault-real-8 -fdefault-double-8 -std=legacy check_kwds_.f -o check_kwds.o
./srcscheck

 This is SRCSCHECK: Creating new version of check_srcs.F.

cpp -traditional -DLinux -P -I/usr/include -ICROCOFILES/AGRIF_INC check_srcs.F | ./mpc > check_srcs_.f
gfortran -c -O2 -mcmodel=medium -fdefault-real-8 -fdefault-double-8 -std=legacy check_srcs_.f -o check_srcs.o
cpp -traditional -DLinux -P -I/usr/include -ICROCOFILES/AGRIF_INC check_switches1.F | ./mpc > check_switches1_.f
gfortran -c -O2 -mcmodel=medium -fdefault-real-8 -fdefault-double-8 -std=legacy check_switches1_.f -o check_switches1.o
cpp -traditional -DLinux -P -I/usr/include -ICROCOFILES/AGRIF_INC check_switches2.F | ./mpc > check_switches2_.f
gfortran -c -O2 -mcmodel=medium -fdefault-real-8 -fdefault-double-8 -std=legacy check_switches2_.f -o check_switches2.o
cpp -traditional -DLinux -P -I/usr/include -ICROCOFILES/AGRIF_INC debug.F | ./mpc > debug_.f
gfortran -c -O2 -mcmodel=medium -fdefault-real-8 -fdefault-double-8 -std=legacy debug_.f -o debug.o
cpp -traditional -DLinux -P -I/usr/include -ICROCOFILES/AGRIF_INC output.F | ./mpc > output_.f
gfortran -c -O2 -mcmodel=medium -fdefault-real-8 -fdefault-double-8 -std=legacy output_.f -o output.o
cpp -traditional -DLinux -P -I/usr/include -ICROCOFILES/AGRIF_INC put_global_atts.F | ./mpc > put_global_atts_.f
gfortran -c -O2 -mcmodel=medium -fdefault-real-8 -fdefault-double-8 -std=legacy put_global_atts_.f -o put_global_atts.o
cpp -traditional -DLinux -P -I/usr/include -ICROCOFILES/AGRIF_INC nf_fread.F | ./mpc > nf_fread_.f
gfortran -c -O2 -mcmodel=medium -fdefault-real-8 -fdefault-double-8 -std=legacy nf_fread_.f -o nf_fread.o
cpp -traditional -DLinux -P -I/usr/include -ICROCOFILES/AGRIF_INC nf_fread_x.F | ./mpc > nf_fread_x_.f
gfortran -c -O2 -mcmodel=medium -fdefault-real-8 -fdefault-double-8 -std=legacy nf_fread_x_.f -o nf_fread_x.o
cpp -traditional -DLinux -P -I/usr/include -ICROCOFILES/AGRIF_INC nf_fread_y.F | ./mpc > nf_fread_y_.f
gfortran -c -O2 -mcmodel=medium -fdefault-real-8 -fdefault-double-8 -std=legacy nf_fread_y_.f -o nf_fread_y.o
cpp -traditional -DLinux -P -I/usr/include -ICROCOFILES/AGRIF_INC nf_read_bry.F | ./mpc > nf_read_bry_.f
gfortran -c -O2 -mcmodel=medium -fdefault-real-8 -fdefault-double-8 -std=legacy nf_read_bry_.f -o nf_read_bry.o
cpp -traditional -DLinux -P -I/usr/include -ICROCOFILES/AGRIF_INC get_date.F | ./mpc > get_date_.f
gfortran -c -O2 -mcmodel=medium -fdefault-real-8 -fdefault-double-8 -std=legacy get_date_.f -o get_date.o
cpp -traditional -DLinux -P -I/usr/include -ICROCOFILES/AGRIF_INC closecdf.F | ./mpc > closecdf_.f
gfortran -c -O2 -mcmodel=medium -fdefault-real-8 -fdefault-double-8 -std=legacy closecdf_.f -o closecdf.o
cpp -traditional -DLinux -P -I/usr/include -ICROCOFILES/AGRIF_INC fillvalue.F | ./mpc > fillvalue_.f
gfortran -c -O2 -mcmodel=medium -fdefault-real-8 -fdefault-double-8 -std=legacy fillvalue_.f -o fillvalue.o
cpp -traditional -DLinux -P -I/usr/include -ICROCOFILES/AGRIF_INC nf_add_attribute.F | ./mpc > nf_add_attribute_.f
gfortran -c -O2 -mcmodel=medium -fdefault-real-8 -fdefault-double-8 -std=legacy nf_add_attribute_.f -o nf_add_attribute.o
cpp -traditional -DLinux -P -I/usr/include -ICROCOFILES/AGRIF_INC set_cycle.F | ./mpc > set_cycle_.f
gfortran -c -O2 -mcmodel=medium -fdefault-real-8 -fdefault-double-8 -std=legacy set_cycle_.f -o set_cycle.o
cpp -traditional -DLinux -P -I/usr/include -ICROCOFILES/AGRIF_INC def_grid_2d.F | ./mpc > def_grid_2d_.f
gfortran -c -O2 -mcmodel=medium -fdefault-real-8 -fdefault-double-8 -std=legacy def_grid_2d_.f -o def_grid_2d.o
cpp -traditional -DLinux -P -I/usr/include -ICROCOFILES/AGRIF_INC def_grid_3d.F | ./mpc > def_grid_3d_.f
gfortran -c -O2 -mcmodel=medium -fdefault-real-8 -fdefault-double-8 -std=legacy def_grid_3d_.f -o def_grid_3d.o
cpp -traditional -DLinux -P -I/usr/include -ICROCOFILES/AGRIF_INC def_his.F | ./mpc > def_his_.f
gfortran -c -O2 -mcmodel=medium -fdefault-real-8 -fdefault-double-8 -std=legacy def_his_.f -o def_his.o
cpp -traditional -DLinux -P -I/usr/include -ICROCOFILES/AGRIF_INC def_rst.F | ./mpc > def_rst_.f
gfortran -c -O2 -mcmodel=medium -fdefault-real-8 -fdefault-double-8 -std=legacy def_rst_.f -o def_rst.o
cpp -traditional -DLinux -P -I/usr/include -ICROCOFILES/AGRIF_INC def_diags.F | ./mpc > def_diags_.f
gfortran -c -O2 -mcmodel=medium -fdefault-real-8 -fdefault-double-8 -std=legacy def_diags_.f -o def_diags.o
cpp -traditional -DLinux -P -I/usr/include -ICROCOFILES/AGRIF_INC def_diagsM.F | ./mpc > def_diagsM_.f
gfortran -c -O2 -mcmodel=medium -fdefault-real-8 -fdefault-double-8 -std=legacy def_diagsM_.f -o def_diagsM.o
cpp -traditional -DLinux -P -I/usr/include -ICROCOFILES/AGRIF_INC def_bio_diags.F | ./mpc > def_bio_diags_.f
gfortran -c -O2 -mcmodel=medium -fdefault-real-8 -fdefault-double-8 -std=legacy def_bio_diags_.f -o def_bio_diags.o
cpp -traditional -DLinux -P -I/usr/include -ICROCOFILES/AGRIF_INC wrt_grid.F | ./mpc > wrt_grid_.f
gfortran -c -O2 -mcmodel=medium -fdefault-real-8 -fdefault-double-8 -std=legacy wrt_grid_.f -o wrt_grid.o
cpp -traditional -DLinux -P -I/usr/include -ICROCOFILES/AGRIF_INC wrt_his.F | ./mpc > wrt_his_.f
gfortran -c -O2 -mcmodel=medium -fdefault-real-8 -fdefault-double-8 -std=legacy wrt_his_.f -o wrt_his.o
cpp -traditional -DLinux -P -I/usr/include -ICROCOFILES/AGRIF_INC wrt_avg.F | ./mpc > wrt_avg_.f
gfortran -c -O2 -mcmodel=medium -fdefault-real-8 -fdefault-double-8 -std=legacy wrt_avg_.f -o wrt_avg.o
cpp -traditional -DLinux -P -I/usr/include -ICROCOFILES/AGRIF_INC wrt_rst.F | ./mpc > wrt_rst_.f
gfortran -c -O2 -mcmodel=medium -fdefault-real-8 -fdefault-double-8 -std=legacy wrt_rst_.f -o wrt_rst.o
cpp -traditional -DLinux -P -I/usr/include -ICROCOFILES/AGRIF_INC wrt_diags.F | ./mpc > wrt_diags_.f
gfortran -c -O2 -mcmodel=medium -fdefault-real-8 -fdefault-double-8 -std=legacy wrt_diags_.f -o wrt_diags.o
cpp -traditional -DLinux -P -I/usr/include -ICROCOFILES/AGRIF_INC wrt_diags_avg.F | ./mpc > wrt_diags_avg_.f
gfortran -c -O2 -mcmodel=medium -fdefault-real-8 -fdefault-double-8 -std=legacy wrt_diags_avg_.f -o wrt_diags_avg.o
cpp -traditional -DLinux -P -I/usr/include -ICROCOFILES/AGRIF_INC wrt_diagsM.F | ./mpc > wrt_diagsM_.f
gfortran -c -O2 -mcmodel=medium -fdefault-real-8 -fdefault-double-8 -std=legacy wrt_diagsM_.f -o wrt_diagsM.o
cpp -traditional -DLinux -P -I/usr/include -ICROCOFILES/AGRIF_INC wrt_diagsM_avg.F | ./mpc > wrt_diagsM_avg_.f
gfortran -c -O2 -mcmodel=medium -fdefault-real-8 -fdefault-double-8 -std=legacy wrt_diagsM_avg_.f -o wrt_diagsM_avg.o
cpp -traditional -DLinux -P -I/usr/include -ICROCOFILES/AGRIF_INC wrt_bio_diags.F | ./mpc > wrt_bio_diags_.f
gfortran -c -O2 -mcmodel=medium -fdefault-real-8 -fdefault-double-8 -std=legacy wrt_bio_diags_.f -o wrt_bio_diags.o
cpp -traditional -DLinux -P -I/usr/include -ICROCOFILES/AGRIF_INC wrt_bio_diags_avg.F | ./mpc > wrt_bio_diags_avg_.f
gfortran -c -O2 -mcmodel=medium -fdefault-real-8 -fdefault-double-8 -std=legacy wrt_bio_diags_avg_.f -o wrt_bio_diags_avg.o
cpp -traditional -DLinux -P -I/usr/include -ICROCOFILES/AGRIF_INC set_avg.F | ./mpc > set_avg_.f
gfortran -c -O2 -mcmodel=medium -fdefault-real-8 -fdefault-double-8 -std=legacy set_avg_.f -o set_avg.o
cpp -traditional -DLinux -P -I/usr/include -ICROCOFILES/AGRIF_INC set_diags_avg.F | ./mpc > set_diags_avg_.f
gfortran -c -O2 -mcmodel=medium -fdefault-real-8 -fdefault-double-8 -std=legacy set_diags_avg_.f -o set_diags_avg.o
cpp -traditional -DLinux -P -I/usr/include -ICROCOFILES/AGRIF_INC set_diagsM_avg.F | ./mpc > set_diagsM_avg_.f
gfortran -c -O2 -mcmodel=medium -fdefault-real-8 -fdefault-double-8 -std=legacy set_diagsM_avg_.f -o set_diagsM_avg.o
cpp -traditional -DLinux -P -I/usr/include -ICROCOFILES/AGRIF_INC set_bio_diags_avg.F | ./mpc > set_bio_diags_avg_.f
gfortran -c -O2 -mcmodel=medium -fdefault-real-8 -fdefault-double-8 -std=legacy set_bio_diags_avg_.f -o set_bio_diags_avg.o
cpp -traditional -DLinux -P -I/usr/include -ICROCOFILES/AGRIF_INC def_diags_vrt.F | ./mpc > def_diags_vrt_.f
gfortran -c -O2 -mcmodel=medium -fdefault-real-8 -fdefault-double-8 -std=legacy def_diags_vrt_.f -o def_diags_vrt.o
cpp -traditional -DLinux -P -I/usr/include -ICROCOFILES/AGRIF_INC wrt_diags_vrt.F | ./mpc > wrt_diags_vrt_.f
gfortran -c -O2 -mcmodel=medium -fdefault-real-8 -fdefault-double-8 -std=legacy wrt_diags_vrt_.f -o wrt_diags_vrt.o
cpp -traditional -DLinux -P -I/usr/include -ICROCOFILES/AGRIF_INC set_diags_vrt.F | ./mpc > set_diags_vrt_.f
gfortran -c -O2 -mcmodel=medium -fdefault-real-8 -fdefault-double-8 -std=legacy set_diags_vrt_.f -o set_diags_vrt.o
cpp -traditional -DLinux -P -I/usr/include -ICROCOFILES/AGRIF_INC set_diags_vrt_avg.F | ./mpc > set_diags_vrt_avg_.f
gfortran -c -O2 -mcmodel=medium -fdefault-real-8 -fdefault-double-8 -std=legacy set_diags_vrt_avg_.f -o set_diags_vrt_avg.o
cpp -traditional -DLinux -P -I/usr/include -ICROCOFILES/AGRIF_INC wrt_diags_vrt_avg.F | ./mpc > wrt_diags_vrt_avg_.f
gfortran -c -O2 -mcmodel=medium -fdefault-real-8 -fdefault-double-8 -std=legacy wrt_diags_vrt_avg_.f -o wrt_diags_vrt_avg.o
cpp -traditional -DLinux -P -I/usr/include -ICROCOFILES/AGRIF_INC def_diags_ek.F | ./mpc > def_diags_ek_.f
gfortran -c -O2 -mcmodel=medium -fdefault-real-8 -fdefault-double-8 -std=legacy def_diags_ek_.f -o def_diags_ek.o
cpp -traditional -DLinux -P -I/usr/include -ICROCOFILES/AGRIF_INC wrt_diags_ek.F | ./mpc > wrt_diags_ek_.f
gfortran -c -O2 -mcmodel=medium -fdefault-real-8 -fdefault-double-8 -std=legacy wrt_diags_ek_.f -o wrt_diags_ek.o
cpp -traditional -DLinux -P -I/usr/include -ICROCOFILES/AGRIF_INC set_diags_ek.F | ./mpc > set_diags_ek_.f
gfortran -c -O2 -mcmodel=medium -fdefault-real-8 -fdefault-double-8 -std=legacy set_diags_ek_.f -o set_diags_ek.o
cpp -traditional -DLinux -P -I/usr/include -ICROCOFILES/AGRIF_INC set_diags_ek_avg.F | ./mpc > set_diags_ek_avg_.f
gfortran -c -O2 -mcmodel=medium -fdefault-real-8 -fdefault-double-8 -std=legacy set_diags_ek_avg_.f -o set_diags_ek_avg.o
cpp -traditional -DLinux -P -I/usr/include -ICROCOFILES/AGRIF_INC wrt_diags_ek_avg.F | ./mpc > wrt_diags_ek_avg_.f
gfortran -c -O2 -mcmodel=medium -fdefault-real-8 -fdefault-double-8 -std=legacy wrt_diags_ek_avg_.f -o wrt_diags_ek_avg.o
cpp -traditional -DLinux -P -I/usr/include -ICROCOFILES/AGRIF_INC def_diags_pv.F | ./mpc > def_diags_pv_.f
gfortran -c -O2 -mcmodel=medium -fdefault-real-8 -fdefault-double-8 -std=legacy def_diags_pv_.f -o def_diags_pv.o
cpp -traditional -DLinux -P -I/usr/include -ICROCOFILES/AGRIF_INC wrt_diags_pv.F | ./mpc > wrt_diags_pv_.f
gfortran -c -O2 -mcmodel=medium -fdefault-real-8 -fdefault-double-8 -std=legacy wrt_diags_pv_.f -o wrt_diags_pv.o
cpp -traditional -DLinux -P -I/usr/include -ICROCOFILES/AGRIF_INC set_diags_pv.F | ./mpc > set_diags_pv_.f
gfortran -c -O2 -mcmodel=medium -fdefault-real-8 -fdefault-double-8 -std=legacy set_diags_pv_.f -o set_diags_pv.o
cpp -traditional -DLinux -P -I/usr/include -ICROCOFILES/AGRIF_INC set_diags_pv_avg.F | ./mpc > set_diags_pv_avg_.f
gfortran -c -O2 -mcmodel=medium -fdefault-real-8 -fdefault-double-8 -std=legacy set_diags_pv_avg_.f -o set_diags_pv_avg.o
cpp -traditional -DLinux -P -I/usr/include -ICROCOFILES/AGRIF_INC wrt_diags_pv_avg.F | ./mpc > wrt_diags_pv_avg_.f
gfortran -c -O2 -mcmodel=medium -fdefault-real-8 -fdefault-double-8 -std=legacy wrt_diags_pv_avg_.f -o wrt_diags_pv_avg.o
cpp -traditional -DLinux -P -I/usr/include -ICROCOFILES/AGRIF_INC def_diags_eddy.F | ./mpc > def_diags_eddy_.f
gfortran -c -O2 -mcmodel=medium -fdefault-real-8 -fdefault-double-8 -std=legacy def_diags_eddy_.f -o def_diags_eddy.o
cpp -traditional -DLinux -P -I/usr/include -ICROCOFILES/AGRIF_INC set_diags_eddy_avg.F | ./mpc > set_diags_eddy_avg_.f
gfortran -c -O2 -mcmodel=medium -fdefault-real-8 -fdefault-double-8 -std=legacy set_diags_eddy_avg_.f -o set_diags_eddy_avg.o
cpp -traditional -DLinux -P -I/usr/include -ICROCOFILES/AGRIF_INC wrt_diags_eddy_avg.F | ./mpc > wrt_diags_eddy_avg_.f
gfortran -c -O2 -mcmodel=medium -fdefault-real-8 -fdefault-double-8 -std=legacy wrt_diags_eddy_avg_.f -o wrt_diags_eddy_avg.o
cpp -traditional -DLinux -P -I/usr/include -ICROCOFILES/AGRIF_INC def_surf.F | ./mpc > def_surf_.f
gfortran -c -O2 -mcmodel=medium -fdefault-real-8 -fdefault-double-8 -std=legacy def_surf_.f -o def_surf.o
cpp -traditional -DLinux -P -I/usr/include -ICROCOFILES/AGRIF_INC wrt_surf.F | ./mpc > wrt_surf_.f
gfortran -c -O2 -mcmodel=medium -fdefault-real-8 -fdefault-double-8 -std=legacy wrt_surf_.f -o wrt_surf.o
cpp -traditional -DLinux -P -I/usr/include -ICROCOFILES/AGRIF_INC set_surf_avg.F | ./mpc > set_surf_avg_.f
gfortran -c -O2 -mcmodel=medium -fdefault-real-8 -fdefault-double-8 -std=legacy set_surf_avg_.f -o set_surf_avg.o
cpp -traditional -DLinux -P -I/usr/include -ICROCOFILES/AGRIF_INC wrt_surf_avg.F | ./mpc > wrt_surf_avg_.f
gfortran -c -O2 -mcmodel=medium -fdefault-real-8 -fdefault-double-8 -std=legacy wrt_surf_avg_.f -o wrt_surf_avg.o
cpp -traditional -DLinux -P -I/usr/include -ICROCOFILES/AGRIF_INC get_grid.F | ./mpc > get_grid_.f
gfortran -c -O2 -mcmodel=medium -fdefault-real-8 -fdefault-double-8 -std=legacy get_grid_.f -o get_grid.o
cpp -traditional -DLinux -P -I/usr/include -ICROCOFILES/AGRIF_INC get_initial.F | ./mpc > get_initial_.f
gfortran -c -O2 -mcmodel=medium -fdefault-real-8 -fdefault-double-8 -std=legacy get_initial_.f -o get_initial.o
cpp -traditional -DLinux -P -I/usr/include -ICROCOFILES/AGRIF_INC get_vbc.F | ./mpc > get_vbc_.f
gfortran -c -O2 -mcmodel=medium -fdefault-real-8 -fdefault-double-8 -std=legacy get_vbc_.f -o get_vbc.o
cpp -traditional -DLinux -P -I/usr/include -ICROCOFILES/AGRIF_INC get_wwave.F | ./mpc > get_wwave_.f
gfortran -c -O2 -mcmodel=medium -fdefault-real-8 -fdefault-double-8 -std=legacy get_wwave_.f -o get_wwave.o
cpp -traditional -DLinux -P -I/usr/include -ICROCOFILES/AGRIF_INC get_tclima.F | ./mpc > get_tclima_.f
gfortran -c -O2 -mcmodel=medium -fdefault-real-8 -fdefault-double-8 -std=legacy get_tclima_.f -o get_tclima.o
cpp -traditional -DLinux -P -I/usr/include -ICROCOFILES/AGRIF_INC get_uclima.F | ./mpc > get_uclima_.f
gfortran -c -O2 -mcmodel=medium -fdefault-real-8 -fdefault-double-8 -std=legacy get_uclima_.f -o get_uclima.o
cpp -traditional -DLinux -P -I/usr/include -ICROCOFILES/AGRIF_INC get_ssh.F | ./mpc > get_ssh_.f
gfortran -c -O2 -mcmodel=medium -fdefault-real-8 -fdefault-double-8 -std=legacy get_ssh_.f -o get_ssh.o
cpp -traditional -DLinux -P -I/usr/include -ICROCOFILES/AGRIF_INC get_sss.F | ./mpc > get_sss_.f
gfortran -c -O2 -mcmodel=medium -fdefault-real-8 -fdefault-double-8 -std=legacy get_sss_.f -o get_sss.o
cpp -traditional -DLinux -P -I/usr/include -ICROCOFILES/AGRIF_INC get_smflux.F | ./mpc > get_smflux_.f
gfortran -c -O2 -mcmodel=medium -fdefault-real-8 -fdefault-double-8 -std=legacy get_smflux_.f -o get_smflux.o
cpp -traditional -DLinux -P -I/usr/include -ICROCOFILES/AGRIF_INC get_stflux.F | ./mpc > get_stflux_.f
gfortran -c -O2 -mcmodel=medium -fdefault-real-8 -fdefault-double-8 -std=legacy get_stflux_.f -o get_stflux.o
cpp -traditional -DLinux -P -I/usr/include -ICROCOFILES/AGRIF_INC get_srflux.F | ./mpc > get_srflux_.f
gfortran -c -O2 -mcmodel=medium -fdefault-real-8 -fdefault-double-8 -std=legacy get_srflux_.f -o get_srflux.o
cpp -traditional -DLinux -P -I/usr/include -ICROCOFILES/AGRIF_INC get_sst.F | ./mpc > get_sst_.f
gfortran -c -O2 -mcmodel=medium -fdefault-real-8 -fdefault-double-8 -std=legacy get_sst_.f -o get_sst.o
cpp -traditional -DLinux -P -I/usr/include -ICROCOFILES/AGRIF_INC mod_tides_mas.F | ./mpc > mod_tides_mas_.f
gfortran -c -O2 -mcmodel=medium -fdefault-real-8 -fdefault-double-8 -std=legacy mod_tides_mas_.f -o mod_tides_mas.o
cpp -traditional -DLinux -P -I/usr/include -ICROCOFILES/AGRIF_INC tidedata.F | ./mpc > tidedata_.f
gfortran -c -O2 -mcmodel=medium -fdefault-real-8 -fdefault-double-8 -std=legacy tidedata_.f -o tidedata.o
cpp -traditional -DLinux -P -I/usr/include -ICROCOFILES/AGRIF_INC mas.F | ./mpc > mas_.f
gfortran -c -O2 -mcmodel=medium -fdefault-real-8 -fdefault-double-8 -std=legacy mas_.f -o mas.o
cpp -traditional -DLinux -P -I/usr/include -ICROCOFILES/AGRIF_INC get_tides.F | ./mpc > get_tides_.f
gfortran -c -O2 -mcmodel=medium -fdefault-real-8 -fdefault-double-8 -std=legacy get_tides_.f -o get_tides.o
cpp -traditional -DLinux -P -I/usr/include -ICROCOFILES/AGRIF_INC clm_tides.F | ./mpc > clm_tides_.f
gfortran -c -O2 -mcmodel=medium -fdefault-real-8 -fdefault-double-8 -std=legacy clm_tides_.f -o clm_tides.o
cpp -traditional -DLinux -P -I/usr/include -ICROCOFILES/AGRIF_INC get_bulk.F | ./mpc > get_bulk_.f
gfortran -c -O2 -mcmodel=medium -fdefault-real-8 -fdefault-double-8 -std=legacy get_bulk_.f -o get_bulk.o
cpp -traditional -DLinux -P -I/usr/include -ICROCOFILES/AGRIF_INC bulk_flux.F | ./mpc > bulk_flux_.f
gfortran -c -O2 -mcmodel=medium -fdefault-real-8 -fdefault-double-8 -std=legacy bulk_flux_.f -o bulk_flux.o
cpp -traditional -DLinux -P -I/usr/include -ICROCOFILES/AGRIF_INC get_bry.F | ./mpc > get_bry_.f
gfortran -c -O2 -mcmodel=medium -fdefault-real-8 -fdefault-double-8 -std=legacy get_bry_.f -o get_bry.o
cpp -traditional -DLinux -P -I/usr/include -ICROCOFILES/AGRIF_INC get_bry_bio.F | ./mpc > get_bry_bio_.f
gfortran -c -O2 -mcmodel=medium -fdefault-real-8 -fdefault-double-8 -std=legacy get_bry_bio_.f -o get_bry_bio.o
cpp -traditional -DLinux -P -I/usr/include -ICROCOFILES/AGRIF_INC sstskin.F | ./mpc > sstskin_.f
gfortran -c -O2 -mcmodel=medium -fdefault-real-8 -fdefault-double-8 -std=legacy sstskin_.f -o sstskin.o
cpp -traditional -DLinux -P -I/usr/include -ICROCOFILES/AGRIF_INC get_psource.F | ./mpc > get_psource_.f
gfortran -c -O2 -mcmodel=medium -fdefault-real-8 -fdefault-double-8 -std=legacy get_psource_.f -o get_psource.o
cpp -traditional -DLinux -P -I/usr/include -ICROCOFILES/AGRIF_INC get_psource_ts.F | ./mpc > get_psource_ts_.f
gfortran -c -O2 -mcmodel=medium -fdefault-real-8 -fdefault-double-8 -std=legacy get_psource_ts_.f -o get_psource_ts.o
cpp -traditional -DLinux -P -I/usr/include -ICROCOFILES/AGRIF_INC get_btflux.F | ./mpc > get_btflux_.f
gfortran -c -O2 -mcmodel=medium -fdefault-real-8 -fdefault-double-8 -std=legacy get_btflux_.f -o get_btflux.o
cpp -traditional -DLinux -P -I/usr/include -ICROCOFILES/AGRIF_INC mrl_wci.F | ./mpc > mrl_wci_.f
gfortran -c -O2 -mcmodel=medium -fdefault-real-8 -fdefault-double-8 -std=legacy mrl_wci_.f -o mrl_wci.o
cpp -traditional -DLinux -P -I/usr/include -ICROCOFILES/AGRIF_INC wkb_wwave.F | ./mpc > wkb_wwave_.f
gfortran -c -O2 -mcmodel=medium -fdefault-real-8 -fdefault-double-8 -std=legacy wkb_wwave_.f -o wkb_wwave.o
cpp -traditional -DLinux -P -I/usr/include -ICROCOFILES/AGRIF_INC wkbbc.F | ./mpc > wkbbc_.f
gfortran -c -O2 -mcmodel=medium -fdefault-real-8 -fdefault-double-8 -std=legacy wkbbc_.f -o wkbbc.o
cpp -traditional -DLinux -P -I/usr/include -ICROCOFILES/AGRIF_INC get_bry_wkb.F | ./mpc > get_bry_wkb_.f
gfortran -c -O2 -mcmodel=medium -fdefault-real-8 -fdefault-double-8 -std=legacy get_bry_wkb_.f -o get_bry_wkb.o
cpp -traditional -DLinux -P -I/usr/include -ICROCOFILES/AGRIF_INC online_bulk_var.F | ./mpc > online_bulk_var_.f
gfortran -c -O2 -mcmodel=medium -fdefault-real-8 -fdefault-double-8 -std=legacy online_bulk_var_.f -o online_bulk_var.o
cpp -traditional -DLinux -P -I/usr/include -ICROCOFILES/AGRIF_INC online_get_bulk.F | ./mpc > online_get_bulk_.f
gfortran -c -O2 -mcmodel=medium -fdefault-real-8 -fdefault-double-8 -std=legacy online_get_bulk_.f -o online_get_bulk.o
cpp -traditional -DLinux -P -I/usr/include -ICROCOFILES/AGRIF_INC online_interp.F | ./mpc > online_interp_.f
gfortran -c -O2 -mcmodel=medium -fdefault-real-8 -fdefault-double-8 -std=legacy online_interp_.f -o online_interp.o
cpp -traditional -DLinux -P -I/usr/include -ICROCOFILES/AGRIF_INC online_interpolate_bulk.F | ./mpc > online_interpolate_bulk_.f
gfortran -c -O2 -mcmodel=medium -fdefault-real-8 -fdefault-double-8 -std=legacy online_interpolate_bulk_.f -o online_interpolate_bulk.o
cpp -traditional -DLinux -P -I/usr/include -ICROCOFILES/AGRIF_INC online_set_bulk.F | ./mpc > online_set_bulk_.f
gfortran -c -O2 -mcmodel=medium -fdefault-real-8 -fdefault-double-8 -std=legacy online_set_bulk_.f -o online_set_bulk.o
cpp -traditional -DLinux -P -I/usr/include -ICROCOFILES/AGRIF_INC init_floats.F | ./mpc > init_floats_.f
gfortran -c -O2 -mcmodel=medium -fdefault-real-8 -fdefault-double-8 -std=legacy init_floats_.f -o init_floats.o
cpp -traditional -DLinux -P -I/usr/include -ICROCOFILES/AGRIF_INC wrt_floats.F | ./mpc > wrt_floats_.f
gfortran -c -O2 -mcmodel=medium -fdefault-real-8 -fdefault-double-8 -std=legacy wrt_floats_.f -o wrt_floats.o
cpp -traditional -DLinux -P -I/usr/include -ICROCOFILES/AGRIF_INC step_floats.F | ./mpc > step_floats_.f
gfortran -c -O2 -mcmodel=medium -fdefault-real-8 -fdefault-double-8 -std=legacy step_floats_.f -o step_floats.o
cpp -traditional -DLinux -P -I/usr/include -ICROCOFILES/AGRIF_INC rhs_floats.F | ./mpc > rhs_floats_.f
gfortran -c -O2 -mcmodel=medium -fdefault-real-8 -fdefault-double-8 -std=legacy rhs_floats_.f -o rhs_floats.o
cpp -traditional -DLinux -P -I/usr/include -ICROCOFILES/AGRIF_INC interp_rho.F | ./mpc > interp_rho_.f
gfortran -c -O2 -mcmodel=medium -fdefault-real-8 -fdefault-double-8 -std=legacy interp_rho_.f -o interp_rho.o
cpp -traditional -DLinux -P -I/usr/include -ICROCOFILES/AGRIF_INC def_floats.F | ./mpc > def_floats_.f
gfortran -c -O2 -mcmodel=medium -fdefault-real-8 -fdefault-double-8 -std=legacy def_floats_.f -o def_floats.o
cpp -traditional -DLinux -P -I/usr/include -ICROCOFILES/AGRIF_INC init_arrays_floats.F | ./mpc > init_arrays_floats_.f
gfortran -c -O2 -mcmodel=medium -fdefault-real-8 -fdefault-double-8 -std=legacy init_arrays_floats_.f -o init_arrays_floats.o
cpp -traditional -DLinux -P -I/usr/include -ICROCOFILES/AGRIF_INC random_walk.F | ./mpc > random_walk_.f
gfortran -c -O2 -mcmodel=medium -fdefault-real-8 -fdefault-double-8 -std=legacy random_walk_.f -o random_walk.o
cpp -traditional -DLinux -P -I/usr/include -ICROCOFILES/AGRIF_INC get_initial_floats.F | ./mpc > get_initial_floats_.f
gfortran -c -O2 -mcmodel=medium -fdefault-real-8 -fdefault-double-8 -std=legacy get_initial_floats_.f -o get_initial_floats.o
cpp -traditional -DLinux -P -I/usr/include -ICROCOFILES/AGRIF_INC init_sta.F | ./mpc > init_sta_.f
gfortran -c -O2 -mcmodel=medium -fdefault-real-8 -fdefault-double-8 -std=legacy init_sta_.f -o init_sta.o
cpp -traditional -DLinux -P -I/usr/include -ICROCOFILES/AGRIF_INC wrt_sta.F | ./mpc > wrt_sta_.f
gfortran -c -O2 -mcmodel=medium -fdefault-real-8 -fdefault-double-8 -std=legacy wrt_sta_.f -o wrt_sta.o
cpp -traditional -DLinux -P -I/usr/include -ICROCOFILES/AGRIF_INC step_sta.F | ./mpc > step_sta_.f
gfortran -c -O2 -mcmodel=medium -fdefault-real-8 -fdefault-double-8 -std=legacy step_sta_.f -o step_sta.o
cpp -traditional -DLinux -P -I/usr/include -ICROCOFILES/AGRIF_INC interp_sta.F | ./mpc > interp_sta_.f
gfortran -c -O2 -mcmodel=medium -fdefault-real-8 -fdefault-double-8 -std=legacy interp_sta_.f -o interp_sta.o
cpp -traditional -DLinux -P -I/usr/include -ICROCOFILES/AGRIF_INC def_sta.F | ./mpc > def_sta_.f
gfortran -c -O2 -mcmodel=medium -fdefault-real-8 -fdefault-double-8 -std=legacy def_sta_.f -o def_sta.o
cpp -traditional -DLinux -P -I/usr/include -ICROCOFILES/AGRIF_INC init_arrays_sta.F | ./mpc > init_arrays_sta_.f
gfortran -c -O2 -mcmodel=medium -fdefault-real-8 -fdefault-double-8 -std=legacy init_arrays_sta_.f -o init_arrays_sta.o
cpp -traditional -DLinux -P -I/usr/include -ICROCOFILES/AGRIF_INC biology.F | ./mpc > biology_.f
gfortran -c -O2 -mcmodel=medium -fdefault-real-8 -fdefault-double-8 -std=legacy biology_.f -o biology.o
cpp -traditional -DLinux -P -I/usr/include -ICROCOFILES/AGRIF_INC o2sato.F | ./mpc > o2sato_.f
gfortran -c -O2 -mcmodel=medium -fdefault-real-8 -fdefault-double-8 -std=legacy o2sato_.f -o o2sato.o
cpp -traditional -DLinux -P -I/usr/include -ICROCOFILES/AGRIF_INC sediment.F | ./mpc > sediment_.f
gfortran -c -O2 -mcmodel=medium -fdefault-real-8 -fdefault-double-8 -std=legacy sediment_.f -o sediment.o
cpp -traditional -DLinux -P -I/usr/include -ICROCOFILES/AGRIF_INC bbl.F | ./mpc > bbl_.f
gfortran -c -O2 -mcmodel=medium -fdefault-real-8 -fdefault-double-8 -std=legacy bbl_.f -o bbl.o
cpp -traditional -DLinux -P -I/usr/include -ICROCOFILES/AGRIF_INC MPI_Setup.F | ./mpc > MPI_Setup_.f
gfortran -c -O2 -mcmodel=medium -fdefault-real-8 -fdefault-double-8 -std=legacy MPI_Setup_.f -o MPI_Setup.o
cpp -traditional -DLinux -P -I/usr/include -ICROCOFILES/AGRIF_INC MessPass2D.F | ./mpc > MessPass2D_.f
gfortran -c -O2 -mcmodel=medium -fdefault-real-8 -fdefault-double-8 -std=legacy MessPass2D_.f -o MessPass2D.o
cpp -traditional -DLinux -P -I/usr/include -ICROCOFILES/AGRIF_INC MessPass3D.F | ./mpc > MessPass3D_.f
gfortran -c -O2 -mcmodel=medium -fdefault-real-8 -fdefault-double-8 -std=legacy MessPass3D_.f -o MessPass3D.o
cpp -traditional -DLinux -P -I/usr/include -ICROCOFILES/AGRIF_INC exchange.F | ./mpc > exchange_.f
gfortran -c -O2 -mcmodel=medium -fdefault-real-8 -fdefault-double-8 -std=legacy exchange_.f -o exchange.o
cpp -traditional -DLinux -P -I/usr/include -ICROCOFILES/AGRIF_INC autotiling.F | ./mpc > autotiling_.f
gfortran -c -O2 -mcmodel=medium -fdefault-real-8 -fdefault-double-8 -std=legacy autotiling_.f -o autotiling.o
cpp -traditional -DLinux -P -I/usr/include -ICROCOFILES/AGRIF_INC zoom.F | ./mpc > zoom_.f
gfortran -c -O2 -mcmodel=medium -fdefault-real-8 -fdefault-double-8 -std=legacy zoom_.f -o zoom.o
cpp -traditional -DLinux -P -I/usr/include -ICROCOFILES/AGRIF_INC update2D.F | ./mpc > update2D_.f
gfortran -c -O2 -mcmodel=medium -fdefault-real-8 -fdefault-double-8 -std=legacy update2D_.f -o update2D.o
cpp -traditional -DLinux -P -I/usr/include -ICROCOFILES/AGRIF_INC set_nudgcof_fine.F | ./mpc > set_nudgcof_fine_.f
gfortran -c -O2 -mcmodel=medium -fdefault-real-8 -fdefault-double-8 -std=legacy set_nudgcof_fine_.f -o set_nudgcof_fine.o
cpp -traditional -DLinux -P -I/usr/include -ICROCOFILES/AGRIF_INC zoombc_2D.F | ./mpc > zoombc_2D_.f
gfortran -c -O2 -mcmodel=medium -fdefault-real-8 -fdefault-double-8 -std=legacy zoombc_2D_.f -o zoombc_2D.o
cpp -traditional -DLinux -P -I/usr/include -ICROCOFILES/AGRIF_INC zoombc_3D.F | ./mpc > zoombc_3D_.f
gfortran -c -O2 -mcmodel=medium -fdefault-real-8 -fdefault-double-8 -std=legacy zoombc_3D_.f -o zoombc_3D.o
cpp -traditional -DLinux -P -I/usr/include -ICROCOFILES/AGRIF_INC uv3dpremix.F | ./mpc > uv3dpremix_.f
gfortran -c -O2 -mcmodel=medium -fdefault-real-8 -fdefault-double-8 -std=legacy uv3dpremix_.f -o uv3dpremix.o
cpp -traditional -DLinux -P -I/usr/include -ICROCOFILES/AGRIF_INC t3dpremix.F | ./mpc > t3dpremix_.f
gfortran -c -O2 -mcmodel=medium -fdefault-real-8 -fdefault-double-8 -std=legacy t3dpremix_.f -o t3dpremix.o
cpp -traditional -DLinux -P -I/usr/include -ICROCOFILES/AGRIF_INC update3D.F | ./mpc > update3D_.f
gfortran -c -O2 -mcmodel=medium -fdefault-real-8 -fdefault-double-8 -std=legacy update3D_.f -o update3D.o
cpp -traditional -DLinux -P -I/usr/include -ICROCOFILES/AGRIF_INC zoombc_3Dfast.F | ./mpc > zoombc_3Dfast_.f
gfortran -c -O2 -mcmodel=medium -fdefault-real-8 -fdefault-double-8 -std=legacy zoombc_3Dfast_.f -o zoombc_3Dfast.o
cpp -traditional -DLinux -P -I/usr/include -ICROCOFILES/AGRIF_INC Agrif2Model.F | ./mpc > Agrif2Model_.f
gfortran -c -O2 -mcmodel=medium -fdefault-real-8 -fdefault-double-8 -std=legacy Agrif2Model_.f -o Agrif2Model.o
cpp -traditional -DLinux -P -I/usr/include -ICROCOFILES/AGRIF_INC send_xios_diags.F | ./mpc > send_xios_diags_.f
gfortran -c -O2 -mcmodel=medium -fdefault-real-8 -fdefault-double-8 -std=legacy send_xios_diags_.f -o send_xios_diags.o
cpp -traditional -DLinux -P -I/usr/include -ICROCOFILES/AGRIF_INC cpl_prism_define.F | ./mpc > cpl_prism_define_.f
gfortran -c -O2 -mcmodel=medium -fdefault-real-8 -fdefault-double-8 -std=legacy cpl_prism_define_.f -o cpl_prism_define.o
cpp -traditional -DLinux -P -I/usr/include -ICROCOFILES/AGRIF_INC cpl_prism_put.F | ./mpc > cpl_prism_put_.f
gfortran -c -O2 -mcmodel=medium -fdefault-real-8 -fdefault-double-8 -std=legacy cpl_prism_put_.f -o cpl_prism_put.o
cpp -traditional -DLinux -P -I/usr/include -ICROCOFILES/AGRIF_INC cpl_prism_init.F | ./mpc > cpl_prism_init_.f
gfortran -c -O2 -mcmodel=medium -fdefault-real-8 -fdefault-double-8 -std=legacy cpl_prism_init_.f -o cpl_prism_init.o
cpp -traditional -DLinux -P -I/usr/include -ICROCOFILES/AGRIF_INC cpl_prism_get.F | ./mpc > cpl_prism_get_.f
gfortran -c -O2 -mcmodel=medium -fdefault-real-8 -fdefault-double-8 -std=legacy cpl_prism_get_.f -o cpl_prism_get.o
cpp -traditional -DLinux -P -I/usr/include -ICROCOFILES/AGRIF_INC cpl_prism_getvar.F | ./mpc > cpl_prism_getvar_.f
gfortran -c -O2 -mcmodel=medium -fdefault-real-8 -fdefault-double-8 -std=legacy cpl_prism_getvar_.f -o cpl_prism_getvar.o
cpp -traditional -DLinux -P -I/usr/include -ICROCOFILES/AGRIF_INC cpl_prism_grid.F | ./mpc > cpl_prism_grid_.f
gfortran -c -O2 -mcmodel=medium -fdefault-real-8 -fdefault-double-8 -std=legacy cpl_prism_grid_.f -o cpl_prism_grid.o
cpp -traditional -DLinux -P -I/usr/include -ICROCOFILES/AGRIF_INC online_spectral_diags.F | ./mpc > online_spectral_diags_.f
gfortran -c -O2 -mcmodel=medium -fdefault-real-8 -fdefault-double-8 -std=legacy online_spectral_diags_.f -o online_spectral_diags.o
cpp -traditional -DLinux -P -I/usr/include -ICROCOFILES/AGRIF_INC var3d_oa_out.F | ./mpc > var3d_oa_out_.f
gfortran -c -O2 -mcmodel=medium -fdefault-real-8 -fdefault-double-8 -std=legacy var3d_oa_out_.f -o var3d_oa_out.o
cpp -traditional -DLinux -P -I/usr/include -ICROCOFILES/AGRIF_INC var2d_oa_out.F | ./mpc > var2d_oa_out_.f
gfortran -c -O2 -mcmodel=medium -fdefault-real-8 -fdefault-double-8 -std=legacy var2d_oa_out_.f -o var2d_oa_out.o
cpp -traditional -DLinux -P -I/usr/include -ICROCOFILES/AGRIF_INC scal0d_oa_out_loc.F | ./mpc > scal0d_oa_out_loc_.f
gfortran -c -O2 -mcmodel=medium -fdefault-real-8 -fdefault-double-8 -std=legacy scal0d_oa_out_loc_.f -o scal0d_oa_out_loc.o
cpp -traditional -DLinux -P -I/usr/include -ICROCOFILES/AGRIF_INC scal0d_oa_out_full.F | ./mpc > scal0d_oa_out_full_.f
gfortran -c -O2 -mcmodel=medium -fdefault-real-8 -fdefault-double-8 -std=legacy scal0d_oa_out_full_.f -o scal0d_oa_out_full.o
cpp -traditional -DLinux -P -I/usr/include -ICROCOFILES/AGRIF_INC output_oa.F | ./mpc > output_oa_.f
gfortran -c -O2 -mcmodel=medium -fdefault-real-8 -fdefault-double-8 -std=legacy output_oa_.f -o output_oa.o
gfortran -O2 -mcmodel=medium -fdefault-real-8 -fdefault-double-8 -std=legacy  -o a.out par_pisces.o ocean2pisces.o trc.o sms_pisces.o p4zche.o p4zint.o p4zlys.o p4zflx.o p4zlim.o p4zsink.o p4zmicro.o p4zmeso.o p4zmort.o p4zopt.o p4zprod.o p4zrem.o p4zsbc.o p4zsed.o trcwri_pisces.o p4zagg.o p4zfechem.o p4zligand.o p4zpoc.o p4zsms.o p5zlim.o p5zmeso.o p5zmicro.o p5zmort.o p5zprod.o p4zbio.o trcsms_pisces.o trcini_pisces.o pisces_ini.o oce_sed.o par_sed.o sedadv.o sedarr.o sedbtb.o sedchem.o sedco3.o seddiff.o seddsr.o seddta.o sed.o sedini.o sedinitrc.o sedinorg.o sedmat.o sedmbc.o sedmodel.o sed_oce.o sedorg.o sedrst.o sedsfc.o sedstp.o sedwri.o setavg_sed.o module_parameter_oa.o module_grd_oa.o module_oa_time.o module_oa_space.o module_oa_periode.o module_oa_variables.o module_oa_type.o module_tile_oa.o module_oa_level.o module_oa_interface.o var_oa.o tooldatosec.o toolsectodat.o tooldecompdat.o tooldatetosec.o flocmod.o comsubstance.o substance.o comMUSTANG.o coupler_MUSTANG.o sed_MUSTANG_CROCO.o sed_MUSTANG.o initMUSTANG.o plug_MUSTANG_CROCO.o main.o step.o read_inp.o timers_roms.o init_scalars.o init_arrays.o set_weights.o set_scoord.o ana_grid.o setup_grid1.o setup_grid2.o set_nudgcof.o ana_initial.o analytical.o zonavg.o step2d.o u2dbc.o v2dbc.o zetabc.o obc_volcons.o pre_step3d.o step3d_t.o step3d_uv1.o step3d_uv2.o prsgrd.o rhs3d.o set_depth.o omega.o uv3dmix.o uv3dmix_spg.o t3dmix.o t3dmix_spg.o hmix_coef.o wetdry.o wavedry.o u3dbc.o v3dbc.o t3dbc.o step3d_fast.o step3d_w.o rhs3d_w_nh.o initial_nbq.o grid_nbq.o unbq_bc.o vnbq_bc.o wnbq_bc.o rnbq_bc.o w3dbc.o nbq_bry_store.o rho_eos.o ab_ratio.o alfabeta.o alfabeta_k.o ana_vmix.o bvf_mix.o lmd_vmix.o gls_mixing.o lmd_skpp.o lmd_bkpp.o lmd_swfrac.o lmd_wscale.o diag.o wvlcty.o checkdims.o grid_stiffness.o bio_diag.o setup_kwds.o check_kwds.o check_srcs.o check_switches1.o check_switches2.o debug.o param.o ncscrum.o scalars.o output.o put_global_atts.o nf_fread.o nf_fread_x.o nf_fread_y.o nf_read_bry.o get_date.o lenstr.o closecdf.o insert_node.o fillvalue.o nf_add_attribute.o set_cycle.o def_grid_2d.o def_grid_3d.o def_his.o def_rst.o def_diags.o def_diagsM.o def_bio_diags.o wrt_grid.o wrt_his.o wrt_avg.o wrt_rst.o wrt_diags.o wrt_diags_avg.o wrt_diagsM.o wrt_diagsM_avg.o wrt_bio_diags.o wrt_bio_diags_avg.o set_avg.o set_diags_avg.o set_diagsM_avg.o set_bio_diags_avg.o def_diags_vrt.o wrt_diags_vrt.o set_diags_vrt.o set_diags_vrt_avg.o wrt_diags_vrt_avg.o def_diags_ek.o wrt_diags_ek.o set_diags_ek.o set_diags_ek_avg.o wrt_diags_ek_avg.o def_diags_pv.o wrt_diags_pv.o set_diags_pv.o set_diags_pv_avg.o wrt_diags_pv_avg.o def_diags_eddy.o set_diags_eddy_avg.o wrt_diags_eddy_avg.o def_surf.o wrt_surf.o set_surf_avg.o wrt_surf_avg.o get_grid.o get_initial.o get_vbc.o get_wwave.o get_tclima.o get_uclima.o get_ssh.o get_sss.o get_smflux.o get_stflux.o get_srflux.o get_sst.o mod_tides_mas.o tidedata.o mas.o get_tides.o clm_tides.o get_bulk.o bulk_flux.o get_bry.o get_bry_bio.o sstskin.o get_psource.o get_psource_ts.o get_btflux.o mrl_wci.o wkb_wwave.o wkbbc.o get_bry_wkb.o online_bulk_var.o online_get_bulk.o online_interp.o online_interpolate_bulk.o online_set_bulk.o init_floats.o wrt_floats.o step_floats.o rhs_floats.o interp_rho.o def_floats.o init_arrays_floats.o random_walk.o get_initial_floats.o init_sta.o wrt_sta.o step_sta.o interp_sta.o def_sta.o init_arrays_sta.o biology.o o2sato.o sediment.o bbl.o MPI_Setup.o MessPass2D.o MessPass3D.o exchange.o autotiling.o zoom.o update2D.o set_nudgcof_fine.o zoombc_2D.o zoombc_3D.o uv3dpremix.o t3dpremix.o update3D.o zoombc_3Dfast.o Agrif2Model.o send_xios_diags.o cpl_prism_define.o cpl_prism_put.o cpl_prism_init.o cpl_prism_get.o cpl_prism_getvar.o cpl_prism_grid.o module_substance.o module_MUSTANG.o online_spectral_diags.o var3d_oa_out.o var2d_oa_out.o scal0d_oa_out_loc.o scal0d_oa_out_full.o output_oa.o -L/usr/lib/x86_64-linux-gnu -lnetcdff -Wl,-Bsymbolic-functions -flto=auto -ffat-lto-objects -flto=auto -Wl,-z,relro -Wl,-z,now -lnetcdf -lnetcdf -lm 
mv a.out croco
